<?xml version="1.0" encoding="UTF-8"?>
<robot generator="Rebot 5.0.1 (Python 3.10.5 on linux)" generated="20220704 14:19:24.164" rpa="false" schemaversion="3">
<suite id="s1" name="Trello">
<suite id="s1-s1" name="Trello" source="/trello">
<suite id="s1-s1-s1" name="Api" source="/trello/api">
<suite id="s1-s1-s1-s1" name="Trello Api Boards Tests" source="/trello/api/trello_api_boards_tests.robot">
<kw name="Create Trello Session" library="TrelloAPI" type="SETUP">
<doc>Creates a Trello Session</doc>
<kw name="Create Session" library="request_own_library">
<arg>${API_BASE_URL}</arg>
<arg>headers=&amp;{HEADERS}</arg>
<status status="PASS" starttime="20220704 14:15:36.737" endtime="20220704 14:15:36.737"/>
</kw>
<status status="PASS" starttime="20220704 14:15:36.736" endtime="20220704 14:15:36.737"/>
</kw>
<test id="s1-s1-s1-s1-t1" name="CREATE a board" line="9">
<kw name="Create A Board" library="Board">
<var>${response}</var>
<arg>NewBoard</arg>
<doc>Creates a new Board
name the board will have
optional_args: desc, defaultLists, etc.
keys and values should be separated, eg: name desired_name</doc>
<kw name="Create An Element" library="TrelloAPI">
<var>${response}</var>
<arg>board</arg>
<arg>@{optional_args}</arg>
<arg>name</arg>
<arg>${name}</arg>
<doc>Creates a new element using the Trello API
Elements: card, board, label</doc>
<kw name="Create Dictionary" library="BuiltIn">
<var>&amp;{json}</var>
<doc>Creates and returns a dictionary based on the given ``items``.</doc>
<msg timestamp="20220704 14:15:36.739" level="INFO">&amp;{json} = { }</msg>
<status status="PASS" starttime="20220704 14:15:36.739" endtime="20220704 14:15:36.739"/>
</kw>
<kw name="Set To Dictionary" library="Collections">
<arg>${json}</arg>
<arg>@{args}</arg>
<doc>Adds the given ``key_value_pairs`` and ``items`` to the ``dictionary``.</doc>
<status status="PASS" starttime="20220704 14:15:36.739" endtime="20220704 14:15:36.740"/>
</kw>
<kw name="Format String" library="String">
<var>${url}</var>
<arg>${PATHS}[${element}]</arg>
<arg>${EMPTY}</arg>
<doc>Formats a ``template`` using the given ``positional`` and ``named`` arguments.</doc>
<msg timestamp="20220704 14:15:36.740" level="INFO">${url} = boards/</msg>
<status status="PASS" starttime="20220704 14:15:36.740" endtime="20220704 14:15:36.740"/>
</kw>
<kw name="POST On Session" library="request_own_library">
<var>${response}</var>
<arg>${url}</arg>
<arg>${status_code}</arg>
<arg>&amp;{json}</arg>
<doc>Method to send POST requests to the specified endpoint
:param endpoint:  str   Endpoint of service to which the request will be sent
:param expected_status_code:  str   Expected status code
:param kwargs:    dict  Data that will be considered as Payload
:return:  the response.</doc>
<msg timestamp="20220704 14:15:37.121" level="INFO">${response} = &lt;Response [200]&gt;</msg>
<status status="PASS" starttime="20220704 14:15:36.741" endtime="20220704 14:15:37.121"/>
</kw>
<return>
<value>${response}</value>
<status status="PASS" starttime="20220704 14:15:37.121" endtime="20220704 14:15:37.121"/>
</return>
<msg timestamp="20220704 14:15:37.121" level="INFO">${response} = &lt;Response [200]&gt;</msg>
<status status="PASS" starttime="20220704 14:15:36.739" endtime="20220704 14:15:37.121"/>
</kw>
<return>
<value>${response}</value>
<status status="PASS" starttime="20220704 14:15:37.121" endtime="20220704 14:15:37.121"/>
</return>
<msg timestamp="20220704 14:15:37.121" level="INFO">${response} = &lt;Response [200]&gt;</msg>
<status status="PASS" starttime="20220704 14:15:36.738" endtime="20220704 14:15:37.121"/>
</kw>
<kw name="Validate Response Schema" library="CommonAPI">
<arg>${response}</arg>
<arg>board</arg>
<doc>Validate the response against the corresponding schema
required_args: response object, element name
current available element schemas: attachment, board, card,
comment_on_card, delete, get_attachments, list, labels_on_board</doc>
<kw name="Validate Json" library="JSONSchemaLibrary">
<arg>${element}.json</arg>
<arg>${response.json()}</arg>
<doc>Validates the sample JSON against the given schema.</doc>
<status status="PASS" starttime="20220704 14:15:37.122" endtime="20220704 14:15:37.126"/>
</kw>
<status status="PASS" starttime="20220704 14:15:37.121" endtime="20220704 14:15:37.126"/>
</kw>
<kw name="Wait Until Keyword Succeeds" library="BuiltIn" type="TEARDOWN">
<arg>10</arg>
<arg>2.5</arg>
<arg>Delete A Board</arg>
<arg>${response.json()}[id]</arg>
<doc>Runs the specified keyword and retries if it fails.</doc>
<kw name="Delete A Board" library="Board">
<arg>${response.json()}[id]</arg>
<doc>Deletes the board with the given ID</doc>
<kw name="Delete An Element" library="TrelloAPI">
<var>${response}</var>
<arg>board</arg>
<arg>${id}</arg>
<arg>status_code=${status_code}</arg>
<doc>Deletes the element with the given id
Elements: card, board, label</doc>
<kw name="Format String" library="String">
<var>${url}</var>
<arg>${PATHS}[${element}]</arg>
<arg>${id}</arg>
<doc>Formats a ``template`` using the given ``positional`` and ``named`` arguments.</doc>
<msg timestamp="20220704 14:15:37.129" level="INFO">${url} = boards/62c2f6088ca98b5e4aa92aa4</msg>
<status status="PASS" starttime="20220704 14:15:37.128" endtime="20220704 14:15:37.129"/>
</kw>
<kw name="DELETE On Session" library="request_own_library">
<var>${response}</var>
<arg>${url}</arg>
<arg>${status_code}</arg>
<doc>Method to send DELETE requests to the specified endpoint
:param endpoint:  str   Endpoint of service to which the request will be sent
:return:  the response.</doc>
<msg timestamp="20220704 14:15:37.656" level="INFO">${response} = &lt;Response [200]&gt;</msg>
<status status="PASS" starttime="20220704 14:15:37.129" endtime="20220704 14:15:37.656"/>
</kw>
<return>
<value>${response}</value>
<status status="PASS" starttime="20220704 14:15:37.656" endtime="20220704 14:15:37.656"/>
</return>
<msg timestamp="20220704 14:15:37.656" level="INFO">${response} = &lt;Response [200]&gt;</msg>
<status status="PASS" starttime="20220704 14:15:37.128" endtime="20220704 14:15:37.656"/>
</kw>
<return>
<value>${response}</value>
<status status="PASS" starttime="20220704 14:15:37.657" endtime="20220704 14:15:37.657"/>
</return>
<status status="PASS" starttime="20220704 14:15:37.127" endtime="20220704 14:15:37.657"/>
</kw>
<status status="PASS" starttime="20220704 14:15:37.127" endtime="20220704 14:15:37.657"/>
</kw>
<doc>Verify that a board can be create through API</doc>
<tag>api</tag>
<tag>board.create</tag>
<tag>smoke</tag>
<status status="PASS" starttime="20220704 14:15:36.738" endtime="20220704 14:15:37.657"/>
</test>
<test id="s1-s1-s1-s1-t2" name="UPDATE a Board's name" line="16">
<kw name="Create A Board" library="Board">
<var>${response}</var>
<arg>NewBoard</arg>
<doc>Creates a new Board
name the board will have
optional_args: desc, defaultLists, etc.
keys and values should be separated, eg: name desired_name</doc>
<kw name="Create An Element" library="TrelloAPI">
<var>${response}</var>
<arg>board</arg>
<arg>@{optional_args}</arg>
<arg>name</arg>
<arg>${name}</arg>
<doc>Creates a new element using the Trello API
Elements: card, board, label</doc>
<kw name="Create Dictionary" library="BuiltIn">
<var>&amp;{json}</var>
<doc>Creates and returns a dictionary based on the given ``items``.</doc>
<msg timestamp="20220704 14:15:37.660" level="INFO">&amp;{json} = { }</msg>
<status status="PASS" starttime="20220704 14:15:37.660" endtime="20220704 14:15:37.660"/>
</kw>
<kw name="Set To Dictionary" library="Collections">
<arg>${json}</arg>
<arg>@{args}</arg>
<doc>Adds the given ``key_value_pairs`` and ``items`` to the ``dictionary``.</doc>
<status status="PASS" starttime="20220704 14:15:37.660" endtime="20220704 14:15:37.660"/>
</kw>
<kw name="Format String" library="String">
<var>${url}</var>
<arg>${PATHS}[${element}]</arg>
<arg>${EMPTY}</arg>
<doc>Formats a ``template`` using the given ``positional`` and ``named`` arguments.</doc>
<msg timestamp="20220704 14:15:37.661" level="INFO">${url} = boards/</msg>
<status status="PASS" starttime="20220704 14:15:37.660" endtime="20220704 14:15:37.661"/>
</kw>
<kw name="POST On Session" library="request_own_library">
<var>${response}</var>
<arg>${url}</arg>
<arg>${status_code}</arg>
<arg>&amp;{json}</arg>
<doc>Method to send POST requests to the specified endpoint
:param endpoint:  str   Endpoint of service to which the request will be sent
:param expected_status_code:  str   Expected status code
:param kwargs:    dict  Data that will be considered as Payload
:return:  the response.</doc>
<msg timestamp="20220704 14:15:37.923" level="INFO">${response} = &lt;Response [200]&gt;</msg>
<status status="PASS" starttime="20220704 14:15:37.661" endtime="20220704 14:15:37.923"/>
</kw>
<return>
<value>${response}</value>
<status status="PASS" starttime="20220704 14:15:37.923" endtime="20220704 14:15:37.923"/>
</return>
<msg timestamp="20220704 14:15:37.924" level="INFO">${response} = &lt;Response [200]&gt;</msg>
<status status="PASS" starttime="20220704 14:15:37.659" endtime="20220704 14:15:37.924"/>
</kw>
<return>
<value>${response}</value>
<status status="PASS" starttime="20220704 14:15:37.924" endtime="20220704 14:15:37.924"/>
</return>
<msg timestamp="20220704 14:15:37.924" level="INFO">${response} = &lt;Response [200]&gt;</msg>
<status status="PASS" starttime="20220704 14:15:37.658" endtime="20220704 14:15:37.924"/>
</kw>
<kw name="Validate Response Schema" library="CommonAPI">
<arg>${response}</arg>
<arg>board</arg>
<doc>Validate the response against the corresponding schema
required_args: response object, element name
current available element schemas: attachment, board, card,
comment_on_card, delete, get_attachments, list, labels_on_board</doc>
<kw name="Validate Json" library="JSONSchemaLibrary">
<arg>${element}.json</arg>
<arg>${response.json()}</arg>
<doc>Validates the sample JSON against the given schema.</doc>
<status status="PASS" starttime="20220704 14:15:37.924" endtime="20220704 14:15:37.928"/>
</kw>
<status status="PASS" starttime="20220704 14:15:37.924" endtime="20220704 14:15:37.928"/>
</kw>
<kw name="Update A Board" library="Board">
<arg>${response.json()}[id]</arg>
<arg>name</arg>
<arg>NewName</arg>
<doc>Updates the board with the given ID
optional_args: name, desc, etc.
keys and values should be separated, eg: name desired_name</doc>
<kw name="Update An Element" library="TrelloAPI">
<var>${response}</var>
<arg>board</arg>
<arg>${id}</arg>
<arg>@{optional_args}</arg>
<doc>Updates the element with the given id
Eelements: card, board, label</doc>
<kw name="Create Dictionary" library="BuiltIn">
<var>&amp;{json}</var>
<doc>Creates and returns a dictionary based on the given ``items``.</doc>
<msg timestamp="20220704 14:15:37.930" level="INFO">&amp;{json} = { }</msg>
<status status="PASS" starttime="20220704 14:15:37.930" endtime="20220704 14:15:37.930"/>
</kw>
<kw name="Set To Dictionary" library="Collections">
<arg>${json}</arg>
<arg>@{args}</arg>
<doc>Adds the given ``key_value_pairs`` and ``items`` to the ``dictionary``.</doc>
<status status="PASS" starttime="20220704 14:15:37.930" endtime="20220704 14:15:37.930"/>
</kw>
<kw name="Format String" library="String">
<var>${url}</var>
<arg>${PATHS}[${element}]</arg>
<arg>${id}</arg>
<doc>Formats a ``template`` using the given ``positional`` and ``named`` arguments.</doc>
<msg timestamp="20220704 14:15:37.931" level="INFO">${url} = boards/62c2f609ef3d4f2bf3e17a54</msg>
<status status="PASS" starttime="20220704 14:15:37.930" endtime="20220704 14:15:37.931"/>
</kw>
<kw name="PUT On Session" library="request_own_library">
<var>${response}</var>
<arg>${url}</arg>
<arg>${status_code}</arg>
<arg>&amp;{json}</arg>
<doc>Method to send PUT requests to the specified endpoint
:param endpoint:  str   Endpoint of service to which the request will be sent
:param expected_status_codet:  str   Expected status code
:param kwargs:    dict  Data that will be considered as Payload
:return:  the response.</doc>
<msg timestamp="20220704 14:15:38.107" level="INFO">${response} = &lt;Response [200]&gt;</msg>
<status status="PASS" starttime="20220704 14:15:37.931" endtime="20220704 14:15:38.107"/>
</kw>
<return>
<value>${response}</value>
<status status="PASS" starttime="20220704 14:15:38.107" endtime="20220704 14:15:38.107"/>
</return>
<msg timestamp="20220704 14:15:38.107" level="INFO">${response} = &lt;Response [200]&gt;</msg>
<status status="PASS" starttime="20220704 14:15:37.929" endtime="20220704 14:15:38.107"/>
</kw>
<return>
<value>${response}</value>
<status status="PASS" starttime="20220704 14:15:38.107" endtime="20220704 14:15:38.107"/>
</return>
<status status="PASS" starttime="20220704 14:15:37.929" endtime="20220704 14:15:38.107"/>
</kw>
<kw name="Get A Board" library="Board">
<var>${new_response}</var>
<arg>${response.json()}[id]</arg>
<doc>Gets the Board with the given ID</doc>
<kw name="Get An Element" library="TrelloAPI">
<var>${response}</var>
<arg>board</arg>
<arg>${id}</arg>
<arg>status_code=${status_code}</arg>
<doc>Gets an element with the given id using the trello API
Elements: card, board, label</doc>
<kw name="Format String" library="String">
<var>${url}</var>
<arg>${PATHS}[${element}]</arg>
<arg>${id}</arg>
<doc>Formats a ``template`` using the given ``positional`` and ``named`` arguments.</doc>
<msg timestamp="20220704 14:15:38.109" level="INFO">${url} = boards/62c2f609ef3d4f2bf3e17a54</msg>
<status status="PASS" starttime="20220704 14:15:38.109" endtime="20220704 14:15:38.109"/>
</kw>
<kw name="GET On Session" library="request_own_library">
<var>${response}</var>
<arg>${url}</arg>
<arg>${status_code}</arg>
<doc>Method to send GET requests to the specified endpoint
:param endpoint:  str   Endpoint of service to which the request will be sent
:param expected_status_codet:  str   Expected status code
:return:  the response.</doc>
<msg timestamp="20220704 14:15:38.248" level="INFO">${response} = &lt;Response [200]&gt;</msg>
<status status="PASS" starttime="20220704 14:15:38.109" endtime="20220704 14:15:38.248"/>
</kw>
<return>
<value>${response}</value>
<status status="PASS" starttime="20220704 14:15:38.248" endtime="20220704 14:15:38.248"/>
</return>
<msg timestamp="20220704 14:15:38.248" level="INFO">${response} = &lt;Response [200]&gt;</msg>
<status status="PASS" starttime="20220704 14:15:38.108" endtime="20220704 14:15:38.248"/>
</kw>
<return>
<value>${response}</value>
<status status="PASS" starttime="20220704 14:15:38.248" endtime="20220704 14:15:38.248"/>
</return>
<msg timestamp="20220704 14:15:38.249" level="INFO">${new_response} = &lt;Response [200]&gt;</msg>
<status status="PASS" starttime="20220704 14:15:38.107" endtime="20220704 14:15:38.249"/>
</kw>
<kw name="Validate Response Schema" library="CommonAPI">
<arg>${new_response}</arg>
<arg>board</arg>
<doc>Validate the response against the corresponding schema
required_args: response object, element name
current available element schemas: attachment, board, card,
comment_on_card, delete, get_attachments, list, labels_on_board</doc>
<kw name="Validate Json" library="JSONSchemaLibrary">
<arg>${element}.json</arg>
<arg>${response.json()}</arg>
<doc>Validates the sample JSON against the given schema.</doc>
<status status="PASS" starttime="20220704 14:15:38.249" endtime="20220704 14:15:38.253"/>
</kw>
<status status="PASS" starttime="20220704 14:15:38.249" endtime="20220704 14:15:38.253"/>
</kw>
<kw name="Should Be Equal" library="BuiltIn">
<arg>${new_response.json()}[name]</arg>
<arg>NewName</arg>
<doc>Fails if the given objects are unequal.</doc>
<status status="PASS" starttime="20220704 14:15:38.253" endtime="20220704 14:15:38.254"/>
</kw>
<kw name="Wait Until Keyword Succeeds" library="BuiltIn" type="TEARDOWN">
<arg>10</arg>
<arg>2.5</arg>
<arg>Delete A Board</arg>
<arg>${response.json()}[id]</arg>
<doc>Runs the specified keyword and retries if it fails.</doc>
<kw name="Delete A Board" library="Board">
<arg>${response.json()}[id]</arg>
<doc>Deletes the board with the given ID</doc>
<kw name="Delete An Element" library="TrelloAPI">
<var>${response}</var>
<arg>board</arg>
<arg>${id}</arg>
<arg>status_code=${status_code}</arg>
<doc>Deletes the element with the given id
Elements: card, board, label</doc>
<kw name="Format String" library="String">
<var>${url}</var>
<arg>${PATHS}[${element}]</arg>
<arg>${id}</arg>
<doc>Formats a ``template`` using the given ``positional`` and ``named`` arguments.</doc>
<msg timestamp="20220704 14:15:38.256" level="INFO">${url} = boards/62c2f609ef3d4f2bf3e17a54</msg>
<status status="PASS" starttime="20220704 14:15:38.256" endtime="20220704 14:15:38.256"/>
</kw>
<kw name="DELETE On Session" library="request_own_library">
<var>${response}</var>
<arg>${url}</arg>
<arg>${status_code}</arg>
<doc>Method to send DELETE requests to the specified endpoint
:param endpoint:  str   Endpoint of service to which the request will be sent
:return:  the response.</doc>
<msg timestamp="20220704 14:15:38.668" level="INFO">${response} = &lt;Response [200]&gt;</msg>
<status status="PASS" starttime="20220704 14:15:38.256" endtime="20220704 14:15:38.668"/>
</kw>
<return>
<value>${response}</value>
<status status="PASS" starttime="20220704 14:15:38.668" endtime="20220704 14:15:38.668"/>
</return>
<msg timestamp="20220704 14:15:38.668" level="INFO">${response} = &lt;Response [200]&gt;</msg>
<status status="PASS" starttime="20220704 14:15:38.255" endtime="20220704 14:15:38.668"/>
</kw>
<return>
<value>${response}</value>
<status status="PASS" starttime="20220704 14:15:38.668" endtime="20220704 14:15:38.668"/>
</return>
<status status="PASS" starttime="20220704 14:15:38.254" endtime="20220704 14:15:38.669"/>
</kw>
<status status="PASS" starttime="20220704 14:15:38.254" endtime="20220704 14:15:38.669"/>
</kw>
<doc>Verify that a board's name can be updated through API</doc>
<tag>api</tag>
<tag>board.update</tag>
<tag>smoke</tag>
<status status="PASS" starttime="20220704 14:15:37.657" endtime="20220704 14:15:38.669"/>
</test>
<test id="s1-s1-s1-s1-t3" name="DELETE A Board" line="27">
<kw name="Create A Board" library="Board">
<var>${response}</var>
<arg>NewBoard</arg>
<doc>Creates a new Board
name the board will have
optional_args: desc, defaultLists, etc.
keys and values should be separated, eg: name desired_name</doc>
<kw name="Create An Element" library="TrelloAPI">
<var>${response}</var>
<arg>board</arg>
<arg>@{optional_args}</arg>
<arg>name</arg>
<arg>${name}</arg>
<doc>Creates a new element using the Trello API
Elements: card, board, label</doc>
<kw name="Create Dictionary" library="BuiltIn">
<var>&amp;{json}</var>
<doc>Creates and returns a dictionary based on the given ``items``.</doc>
<msg timestamp="20220704 14:15:38.671" level="INFO">&amp;{json} = { }</msg>
<status status="PASS" starttime="20220704 14:15:38.671" endtime="20220704 14:15:38.671"/>
</kw>
<kw name="Set To Dictionary" library="Collections">
<arg>${json}</arg>
<arg>@{args}</arg>
<doc>Adds the given ``key_value_pairs`` and ``items`` to the ``dictionary``.</doc>
<status status="PASS" starttime="20220704 14:15:38.671" endtime="20220704 14:15:38.671"/>
</kw>
<kw name="Format String" library="String">
<var>${url}</var>
<arg>${PATHS}[${element}]</arg>
<arg>${EMPTY}</arg>
<doc>Formats a ``template`` using the given ``positional`` and ``named`` arguments.</doc>
<msg timestamp="20220704 14:15:38.672" level="INFO">${url} = boards/</msg>
<status status="PASS" starttime="20220704 14:15:38.671" endtime="20220704 14:15:38.672"/>
</kw>
<kw name="POST On Session" library="request_own_library">
<var>${response}</var>
<arg>${url}</arg>
<arg>${status_code}</arg>
<arg>&amp;{json}</arg>
<doc>Method to send POST requests to the specified endpoint
:param endpoint:  str   Endpoint of service to which the request will be sent
:param expected_status_code:  str   Expected status code
:param kwargs:    dict  Data that will be considered as Payload
:return:  the response.</doc>
<msg timestamp="20220704 14:15:38.988" level="INFO">${response} = &lt;Response [200]&gt;</msg>
<status status="PASS" starttime="20220704 14:15:38.672" endtime="20220704 14:15:38.988"/>
</kw>
<return>
<value>${response}</value>
<status status="PASS" starttime="20220704 14:15:38.988" endtime="20220704 14:15:38.988"/>
</return>
<msg timestamp="20220704 14:15:38.989" level="INFO">${response} = &lt;Response [200]&gt;</msg>
<status status="PASS" starttime="20220704 14:15:38.670" endtime="20220704 14:15:38.989"/>
</kw>
<return>
<value>${response}</value>
<status status="PASS" starttime="20220704 14:15:38.989" endtime="20220704 14:15:38.989"/>
</return>
<msg timestamp="20220704 14:15:38.989" level="INFO">${response} = &lt;Response [200]&gt;</msg>
<status status="PASS" starttime="20220704 14:15:38.670" endtime="20220704 14:15:38.989"/>
</kw>
<kw name="Delete A Board" library="Board">
<arg>${response.json()}[id]</arg>
<doc>Deletes the board with the given ID</doc>
<kw name="Delete An Element" library="TrelloAPI">
<var>${response}</var>
<arg>board</arg>
<arg>${id}</arg>
<arg>status_code=${status_code}</arg>
<doc>Deletes the element with the given id
Elements: card, board, label</doc>
<kw name="Format String" library="String">
<var>${url}</var>
<arg>${PATHS}[${element}]</arg>
<arg>${id}</arg>
<doc>Formats a ``template`` using the given ``positional`` and ``named`` arguments.</doc>
<msg timestamp="20220704 14:15:38.991" level="INFO">${url} = boards/62c2f60aef5e0e3f1f91adbd</msg>
<status status="PASS" starttime="20220704 14:15:38.991" endtime="20220704 14:15:38.991"/>
</kw>
<kw name="DELETE On Session" library="request_own_library">
<var>${response}</var>
<arg>${url}</arg>
<arg>${status_code}</arg>
<doc>Method to send DELETE requests to the specified endpoint
:param endpoint:  str   Endpoint of service to which the request will be sent
:return:  the response.</doc>
<msg timestamp="20220704 14:15:39.647" level="INFO">${response} = &lt;Response [200]&gt;</msg>
<status status="PASS" starttime="20220704 14:15:38.991" endtime="20220704 14:15:39.647"/>
</kw>
<return>
<value>${response}</value>
<status status="PASS" starttime="20220704 14:15:39.648" endtime="20220704 14:15:39.648"/>
</return>
<msg timestamp="20220704 14:15:39.648" level="INFO">${response} = &lt;Response [200]&gt;</msg>
<status status="PASS" starttime="20220704 14:15:38.990" endtime="20220704 14:15:39.648"/>
</kw>
<return>
<value>${response}</value>
<status status="PASS" starttime="20220704 14:15:39.648" endtime="20220704 14:15:39.648"/>
</return>
<status status="PASS" starttime="20220704 14:15:38.989" endtime="20220704 14:15:39.648"/>
</kw>
<kw name="Get A Board" library="Board">
<arg>${response.json()}[id]</arg>
<arg>status_code=404</arg>
<doc>Gets the Board with the given ID</doc>
<kw name="Get An Element" library="TrelloAPI">
<var>${response}</var>
<arg>board</arg>
<arg>${id}</arg>
<arg>status_code=${status_code}</arg>
<doc>Gets an element with the given id using the trello API
Elements: card, board, label</doc>
<kw name="Format String" library="String">
<var>${url}</var>
<arg>${PATHS}[${element}]</arg>
<arg>${id}</arg>
<doc>Formats a ``template`` using the given ``positional`` and ``named`` arguments.</doc>
<msg timestamp="20220704 14:15:39.650" level="INFO">${url} = boards/62c2f60aef5e0e3f1f91adbd</msg>
<status status="PASS" starttime="20220704 14:15:39.650" endtime="20220704 14:15:39.650"/>
</kw>
<kw name="GET On Session" library="request_own_library">
<var>${response}</var>
<arg>${url}</arg>
<arg>${status_code}</arg>
<doc>Method to send GET requests to the specified endpoint
:param endpoint:  str   Endpoint of service to which the request will be sent
:param expected_status_codet:  str   Expected status code
:return:  the response.</doc>
<msg timestamp="20220704 14:15:39.773" level="INFO">${response} = The requested resource was not found.</msg>
<status status="PASS" starttime="20220704 14:15:39.650" endtime="20220704 14:15:39.773"/>
</kw>
<return>
<value>${response}</value>
<status status="PASS" starttime="20220704 14:15:39.774" endtime="20220704 14:15:39.774"/>
</return>
<msg timestamp="20220704 14:15:39.774" level="INFO">${response} = The requested resource was not found.</msg>
<status status="PASS" starttime="20220704 14:15:39.649" endtime="20220704 14:15:39.774"/>
</kw>
<return>
<value>${response}</value>
<status status="PASS" starttime="20220704 14:15:39.774" endtime="20220704 14:15:39.774"/>
</return>
<status status="PASS" starttime="20220704 14:15:39.648" endtime="20220704 14:15:39.774"/>
</kw>
<doc>Verify that a board can be deleted through API</doc>
<tag>api</tag>
<tag>board.delete</tag>
<tag>smoke</tag>
<status status="PASS" starttime="20220704 14:15:38.669" endtime="20220704 14:15:39.774"/>
</test>
<test id="s1-s1-s1-s1-t4" name="GET Information of A Board" line="34">
<kw name="Create A Board" library="Board">
<var>${response}</var>
<arg>BoardTest</arg>
<doc>Creates a new Board
name the board will have
optional_args: desc, defaultLists, etc.
keys and values should be separated, eg: name desired_name</doc>
<kw name="Create An Element" library="TrelloAPI">
<var>${response}</var>
<arg>board</arg>
<arg>@{optional_args}</arg>
<arg>name</arg>
<arg>${name}</arg>
<doc>Creates a new element using the Trello API
Elements: card, board, label</doc>
<kw name="Create Dictionary" library="BuiltIn">
<var>&amp;{json}</var>
<doc>Creates and returns a dictionary based on the given ``items``.</doc>
<msg timestamp="20220704 14:15:39.777" level="INFO">&amp;{json} = { }</msg>
<status status="PASS" starttime="20220704 14:15:39.777" endtime="20220704 14:15:39.777"/>
</kw>
<kw name="Set To Dictionary" library="Collections">
<arg>${json}</arg>
<arg>@{args}</arg>
<doc>Adds the given ``key_value_pairs`` and ``items`` to the ``dictionary``.</doc>
<status status="PASS" starttime="20220704 14:15:39.777" endtime="20220704 14:15:39.778"/>
</kw>
<kw name="Format String" library="String">
<var>${url}</var>
<arg>${PATHS}[${element}]</arg>
<arg>${EMPTY}</arg>
<doc>Formats a ``template`` using the given ``positional`` and ``named`` arguments.</doc>
<msg timestamp="20220704 14:15:39.779" level="INFO">${url} = boards/</msg>
<status status="PASS" starttime="20220704 14:15:39.778" endtime="20220704 14:15:39.779"/>
</kw>
<kw name="POST On Session" library="request_own_library">
<var>${response}</var>
<arg>${url}</arg>
<arg>${status_code}</arg>
<arg>&amp;{json}</arg>
<doc>Method to send POST requests to the specified endpoint
:param endpoint:  str   Endpoint of service to which the request will be sent
:param expected_status_code:  str   Expected status code
:param kwargs:    dict  Data that will be considered as Payload
:return:  the response.</doc>
<msg timestamp="20220704 14:15:40.029" level="INFO">${response} = &lt;Response [200]&gt;</msg>
<status status="PASS" starttime="20220704 14:15:39.779" endtime="20220704 14:15:40.029"/>
</kw>
<return>
<value>${response}</value>
<status status="PASS" starttime="20220704 14:15:40.029" endtime="20220704 14:15:40.029"/>
</return>
<msg timestamp="20220704 14:15:40.029" level="INFO">${response} = &lt;Response [200]&gt;</msg>
<status status="PASS" starttime="20220704 14:15:39.777" endtime="20220704 14:15:40.029"/>
</kw>
<return>
<value>${response}</value>
<status status="PASS" starttime="20220704 14:15:40.029" endtime="20220704 14:15:40.029"/>
</return>
<msg timestamp="20220704 14:15:40.029" level="INFO">${response} = &lt;Response [200]&gt;</msg>
<status status="PASS" starttime="20220704 14:15:39.776" endtime="20220704 14:15:40.030"/>
</kw>
<kw name="Validate Response Schema" library="CommonAPI">
<arg>${response}</arg>
<arg>board</arg>
<doc>Validate the response against the corresponding schema
required_args: response object, element name
current available element schemas: attachment, board, card,
comment_on_card, delete, get_attachments, list, labels_on_board</doc>
<kw name="Validate Json" library="JSONSchemaLibrary">
<arg>${element}.json</arg>
<arg>${response.json()}</arg>
<doc>Validates the sample JSON against the given schema.</doc>
<status status="PASS" starttime="20220704 14:15:40.030" endtime="20220704 14:15:40.034"/>
</kw>
<status status="PASS" starttime="20220704 14:15:40.030" endtime="20220704 14:15:40.035"/>
</kw>
<kw name="Get A Board" library="Board">
<var>${response2}</var>
<arg>${response.json()}[id]</arg>
<doc>Gets the Board with the given ID</doc>
<kw name="Get An Element" library="TrelloAPI">
<var>${response}</var>
<arg>board</arg>
<arg>${id}</arg>
<arg>status_code=${status_code}</arg>
<doc>Gets an element with the given id using the trello API
Elements: card, board, label</doc>
<kw name="Format String" library="String">
<var>${url}</var>
<arg>${PATHS}[${element}]</arg>
<arg>${id}</arg>
<doc>Formats a ``template`` using the given ``positional`` and ``named`` arguments.</doc>
<msg timestamp="20220704 14:15:40.036" level="INFO">${url} = boards/62c2f60b87c6192d8cdf6ed2</msg>
<status status="PASS" starttime="20220704 14:15:40.036" endtime="20220704 14:15:40.036"/>
</kw>
<kw name="GET On Session" library="request_own_library">
<var>${response}</var>
<arg>${url}</arg>
<arg>${status_code}</arg>
<doc>Method to send GET requests to the specified endpoint
:param endpoint:  str   Endpoint of service to which the request will be sent
:param expected_status_codet:  str   Expected status code
:return:  the response.</doc>
<msg timestamp="20220704 14:15:40.174" level="INFO">${response} = &lt;Response [200]&gt;</msg>
<status status="PASS" starttime="20220704 14:15:40.037" endtime="20220704 14:15:40.174"/>
</kw>
<return>
<value>${response}</value>
<status status="PASS" starttime="20220704 14:15:40.174" endtime="20220704 14:15:40.174"/>
</return>
<msg timestamp="20220704 14:15:40.175" level="INFO">${response} = &lt;Response [200]&gt;</msg>
<status status="PASS" starttime="20220704 14:15:40.036" endtime="20220704 14:15:40.175"/>
</kw>
<return>
<value>${response}</value>
<status status="PASS" starttime="20220704 14:15:40.175" endtime="20220704 14:15:40.175"/>
</return>
<msg timestamp="20220704 14:15:40.175" level="INFO">${response2} = &lt;Response [200]&gt;</msg>
<status status="PASS" starttime="20220704 14:15:40.035" endtime="20220704 14:15:40.175"/>
</kw>
<kw name="Validate Response Schema" library="CommonAPI">
<arg>${response2}</arg>
<arg>board</arg>
<doc>Validate the response against the corresponding schema
required_args: response object, element name
current available element schemas: attachment, board, card,
comment_on_card, delete, get_attachments, list, labels_on_board</doc>
<kw name="Validate Json" library="JSONSchemaLibrary">
<arg>${element}.json</arg>
<arg>${response.json()}</arg>
<doc>Validates the sample JSON against the given schema.</doc>
<status status="PASS" starttime="20220704 14:15:40.176" endtime="20220704 14:15:40.180"/>
</kw>
<status status="PASS" starttime="20220704 14:15:40.175" endtime="20220704 14:15:40.180"/>
</kw>
<kw name="Should Be Equal" library="BuiltIn">
<arg>${response2.json()}[name]</arg>
<arg>BoardTest</arg>
<doc>Fails if the given objects are unequal.</doc>
<status status="PASS" starttime="20220704 14:15:40.180" endtime="20220704 14:15:40.181"/>
</kw>
<kw name="Wait Until Keyword Succeeds" library="BuiltIn" type="TEARDOWN">
<arg>10</arg>
<arg>2.5</arg>
<arg>Delete A Board</arg>
<arg>${response.json()}[id]</arg>
<doc>Runs the specified keyword and retries if it fails.</doc>
<kw name="Delete A Board" library="Board">
<arg>${response.json()}[id]</arg>
<doc>Deletes the board with the given ID</doc>
<kw name="Delete An Element" library="TrelloAPI">
<var>${response}</var>
<arg>board</arg>
<arg>${id}</arg>
<arg>status_code=${status_code}</arg>
<doc>Deletes the element with the given id
Elements: card, board, label</doc>
<kw name="Format String" library="String">
<var>${url}</var>
<arg>${PATHS}[${element}]</arg>
<arg>${id}</arg>
<doc>Formats a ``template`` using the given ``positional`` and ``named`` arguments.</doc>
<msg timestamp="20220704 14:15:40.183" level="INFO">${url} = boards/62c2f60b87c6192d8cdf6ed2</msg>
<status status="PASS" starttime="20220704 14:15:40.182" endtime="20220704 14:15:40.183"/>
</kw>
<kw name="DELETE On Session" library="request_own_library">
<var>${response}</var>
<arg>${url}</arg>
<arg>${status_code}</arg>
<doc>Method to send DELETE requests to the specified endpoint
:param endpoint:  str   Endpoint of service to which the request will be sent
:return:  the response.</doc>
<msg timestamp="20220704 14:15:40.691" level="INFO">${response} = &lt;Response [200]&gt;</msg>
<status status="PASS" starttime="20220704 14:15:40.183" endtime="20220704 14:15:40.691"/>
</kw>
<return>
<value>${response}</value>
<status status="PASS" starttime="20220704 14:15:40.691" endtime="20220704 14:15:40.691"/>
</return>
<msg timestamp="20220704 14:15:40.691" level="INFO">${response} = &lt;Response [200]&gt;</msg>
<status status="PASS" starttime="20220704 14:15:40.182" endtime="20220704 14:15:40.691"/>
</kw>
<return>
<value>${response}</value>
<status status="PASS" starttime="20220704 14:15:40.691" endtime="20220704 14:15:40.691"/>
</return>
<status status="PASS" starttime="20220704 14:15:40.181" endtime="20220704 14:15:40.691"/>
</kw>
<status status="PASS" starttime="20220704 14:15:40.181" endtime="20220704 14:15:40.692"/>
</kw>
<doc>Verify that a board's information can be accesed through API</doc>
<tag>api</tag>
<tag>board.get</tag>
<tag>smoke</tag>
<status status="PASS" starttime="20220704 14:15:39.775" endtime="20220704 14:15:40.692"/>
</test>
<test id="s1-s1-s1-s1-t5" name="UPDATE a Board's description" line="45">
<kw name="Create A Board" library="Board">
<var>${response}</var>
<arg>NewBoardForTest</arg>
<doc>Creates a new Board
name the board will have
optional_args: desc, defaultLists, etc.
keys and values should be separated, eg: name desired_name</doc>
<kw name="Create An Element" library="TrelloAPI">
<var>${response}</var>
<arg>board</arg>
<arg>@{optional_args}</arg>
<arg>name</arg>
<arg>${name}</arg>
<doc>Creates a new element using the Trello API
Elements: card, board, label</doc>
<kw name="Create Dictionary" library="BuiltIn">
<var>&amp;{json}</var>
<doc>Creates and returns a dictionary based on the given ``items``.</doc>
<msg timestamp="20220704 14:15:40.694" level="INFO">&amp;{json} = { }</msg>
<status status="PASS" starttime="20220704 14:15:40.694" endtime="20220704 14:15:40.694"/>
</kw>
<kw name="Set To Dictionary" library="Collections">
<arg>${json}</arg>
<arg>@{args}</arg>
<doc>Adds the given ``key_value_pairs`` and ``items`` to the ``dictionary``.</doc>
<status status="PASS" starttime="20220704 14:15:40.694" endtime="20220704 14:15:40.694"/>
</kw>
<kw name="Format String" library="String">
<var>${url}</var>
<arg>${PATHS}[${element}]</arg>
<arg>${EMPTY}</arg>
<doc>Formats a ``template`` using the given ``positional`` and ``named`` arguments.</doc>
<msg timestamp="20220704 14:15:40.695" level="INFO">${url} = boards/</msg>
<status status="PASS" starttime="20220704 14:15:40.694" endtime="20220704 14:15:40.695"/>
</kw>
<kw name="POST On Session" library="request_own_library">
<var>${response}</var>
<arg>${url}</arg>
<arg>${status_code}</arg>
<arg>&amp;{json}</arg>
<doc>Method to send POST requests to the specified endpoint
:param endpoint:  str   Endpoint of service to which the request will be sent
:param expected_status_code:  str   Expected status code
:param kwargs:    dict  Data that will be considered as Payload
:return:  the response.</doc>
<msg timestamp="20220704 14:15:40.971" level="INFO">${response} = &lt;Response [200]&gt;</msg>
<status status="PASS" starttime="20220704 14:15:40.695" endtime="20220704 14:15:40.971"/>
</kw>
<return>
<value>${response}</value>
<status status="PASS" starttime="20220704 14:15:40.971" endtime="20220704 14:15:40.971"/>
</return>
<msg timestamp="20220704 14:15:40.972" level="INFO">${response} = &lt;Response [200]&gt;</msg>
<status status="PASS" starttime="20220704 14:15:40.693" endtime="20220704 14:15:40.972"/>
</kw>
<return>
<value>${response}</value>
<status status="PASS" starttime="20220704 14:15:40.972" endtime="20220704 14:15:40.972"/>
</return>
<msg timestamp="20220704 14:15:40.972" level="INFO">${response} = &lt;Response [200]&gt;</msg>
<status status="PASS" starttime="20220704 14:15:40.693" endtime="20220704 14:15:40.972"/>
</kw>
<kw name="Validate Response Schema" library="CommonAPI">
<arg>${response}</arg>
<arg>board</arg>
<doc>Validate the response against the corresponding schema
required_args: response object, element name
current available element schemas: attachment, board, card,
comment_on_card, delete, get_attachments, list, labels_on_board</doc>
<kw name="Validate Json" library="JSONSchemaLibrary">
<arg>${element}.json</arg>
<arg>${response.json()}</arg>
<doc>Validates the sample JSON against the given schema.</doc>
<status status="PASS" starttime="20220704 14:15:40.972" endtime="20220704 14:15:40.977"/>
</kw>
<status status="PASS" starttime="20220704 14:15:40.972" endtime="20220704 14:15:40.977"/>
</kw>
<kw name="Update A Board" library="Board">
<arg>${response.json()}[id]</arg>
<arg>desc</arg>
<arg>sampleDescription</arg>
<doc>Updates the board with the given ID
optional_args: name, desc, etc.
keys and values should be separated, eg: name desired_name</doc>
<kw name="Update An Element" library="TrelloAPI">
<var>${response}</var>
<arg>board</arg>
<arg>${id}</arg>
<arg>@{optional_args}</arg>
<doc>Updates the element with the given id
Eelements: card, board, label</doc>
<kw name="Create Dictionary" library="BuiltIn">
<var>&amp;{json}</var>
<doc>Creates and returns a dictionary based on the given ``items``.</doc>
<msg timestamp="20220704 14:15:40.979" level="INFO">&amp;{json} = { }</msg>
<status status="PASS" starttime="20220704 14:15:40.979" endtime="20220704 14:15:40.979"/>
</kw>
<kw name="Set To Dictionary" library="Collections">
<arg>${json}</arg>
<arg>@{args}</arg>
<doc>Adds the given ``key_value_pairs`` and ``items`` to the ``dictionary``.</doc>
<status status="PASS" starttime="20220704 14:15:40.979" endtime="20220704 14:15:40.979"/>
</kw>
<kw name="Format String" library="String">
<var>${url}</var>
<arg>${PATHS}[${element}]</arg>
<arg>${id}</arg>
<doc>Formats a ``template`` using the given ``positional`` and ``named`` arguments.</doc>
<msg timestamp="20220704 14:15:40.980" level="INFO">${url} = boards/62c2f60c3cff9530c4d70d3d</msg>
<status status="PASS" starttime="20220704 14:15:40.979" endtime="20220704 14:15:40.980"/>
</kw>
<kw name="PUT On Session" library="request_own_library">
<var>${response}</var>
<arg>${url}</arg>
<arg>${status_code}</arg>
<arg>&amp;{json}</arg>
<doc>Method to send PUT requests to the specified endpoint
:param endpoint:  str   Endpoint of service to which the request will be sent
:param expected_status_codet:  str   Expected status code
:param kwargs:    dict  Data that will be considered as Payload
:return:  the response.</doc>
<msg timestamp="20220704 14:15:41.155" level="INFO">${response} = &lt;Response [200]&gt;</msg>
<status status="PASS" starttime="20220704 14:15:40.980" endtime="20220704 14:15:41.155"/>
</kw>
<return>
<value>${response}</value>
<status status="PASS" starttime="20220704 14:15:41.155" endtime="20220704 14:15:41.156"/>
</return>
<msg timestamp="20220704 14:15:41.156" level="INFO">${response} = &lt;Response [200]&gt;</msg>
<status status="PASS" starttime="20220704 14:15:40.978" endtime="20220704 14:15:41.156"/>
</kw>
<return>
<value>${response}</value>
<status status="PASS" starttime="20220704 14:15:41.156" endtime="20220704 14:15:41.156"/>
</return>
<status status="PASS" starttime="20220704 14:15:40.977" endtime="20220704 14:15:41.156"/>
</kw>
<kw name="Get A Board" library="Board">
<var>${new_response}</var>
<arg>${response.json()}[id]</arg>
<doc>Gets the Board with the given ID</doc>
<kw name="Get An Element" library="TrelloAPI">
<var>${response}</var>
<arg>board</arg>
<arg>${id}</arg>
<arg>status_code=${status_code}</arg>
<doc>Gets an element with the given id using the trello API
Elements: card, board, label</doc>
<kw name="Format String" library="String">
<var>${url}</var>
<arg>${PATHS}[${element}]</arg>
<arg>${id}</arg>
<doc>Formats a ``template`` using the given ``positional`` and ``named`` arguments.</doc>
<msg timestamp="20220704 14:15:41.158" level="INFO">${url} = boards/62c2f60c3cff9530c4d70d3d</msg>
<status status="PASS" starttime="20220704 14:15:41.158" endtime="20220704 14:15:41.158"/>
</kw>
<kw name="GET On Session" library="request_own_library">
<var>${response}</var>
<arg>${url}</arg>
<arg>${status_code}</arg>
<doc>Method to send GET requests to the specified endpoint
:param endpoint:  str   Endpoint of service to which the request will be sent
:param expected_status_codet:  str   Expected status code
:return:  the response.</doc>
<msg timestamp="20220704 14:15:41.320" level="INFO">${response} = &lt;Response [200]&gt;</msg>
<status status="PASS" starttime="20220704 14:15:41.158" endtime="20220704 14:15:41.320"/>
</kw>
<return>
<value>${response}</value>
<status status="PASS" starttime="20220704 14:15:41.320" endtime="20220704 14:15:41.320"/>
</return>
<msg timestamp="20220704 14:15:41.321" level="INFO">${response} = &lt;Response [200]&gt;</msg>
<status status="PASS" starttime="20220704 14:15:41.157" endtime="20220704 14:15:41.321"/>
</kw>
<return>
<value>${response}</value>
<status status="PASS" starttime="20220704 14:15:41.321" endtime="20220704 14:15:41.321"/>
</return>
<msg timestamp="20220704 14:15:41.321" level="INFO">${new_response} = &lt;Response [200]&gt;</msg>
<status status="PASS" starttime="20220704 14:15:41.156" endtime="20220704 14:15:41.321"/>
</kw>
<kw name="Should Be Equal" library="BuiltIn">
<arg>${new_response.json()}[desc]</arg>
<arg>sampleDescription</arg>
<doc>Fails if the given objects are unequal.</doc>
<status status="PASS" starttime="20220704 14:15:41.321" endtime="20220704 14:15:41.322"/>
</kw>
<kw name="Update A Board" library="Board">
<arg>${response.json()}[id]</arg>
<arg>desc</arg>
<arg>updatedDescription</arg>
<doc>Updates the board with the given ID
optional_args: name, desc, etc.
keys and values should be separated, eg: name desired_name</doc>
<kw name="Update An Element" library="TrelloAPI">
<var>${response}</var>
<arg>board</arg>
<arg>${id}</arg>
<arg>@{optional_args}</arg>
<doc>Updates the element with the given id
Eelements: card, board, label</doc>
<kw name="Create Dictionary" library="BuiltIn">
<var>&amp;{json}</var>
<doc>Creates and returns a dictionary based on the given ``items``.</doc>
<msg timestamp="20220704 14:15:41.324" level="INFO">&amp;{json} = { }</msg>
<status status="PASS" starttime="20220704 14:15:41.324" endtime="20220704 14:15:41.324"/>
</kw>
<kw name="Set To Dictionary" library="Collections">
<arg>${json}</arg>
<arg>@{args}</arg>
<doc>Adds the given ``key_value_pairs`` and ``items`` to the ``dictionary``.</doc>
<status status="PASS" starttime="20220704 14:15:41.324" endtime="20220704 14:15:41.324"/>
</kw>
<kw name="Format String" library="String">
<var>${url}</var>
<arg>${PATHS}[${element}]</arg>
<arg>${id}</arg>
<doc>Formats a ``template`` using the given ``positional`` and ``named`` arguments.</doc>
<msg timestamp="20220704 14:15:41.325" level="INFO">${url} = boards/62c2f60c3cff9530c4d70d3d</msg>
<status status="PASS" starttime="20220704 14:15:41.324" endtime="20220704 14:15:41.325"/>
</kw>
<kw name="PUT On Session" library="request_own_library">
<var>${response}</var>
<arg>${url}</arg>
<arg>${status_code}</arg>
<arg>&amp;{json}</arg>
<doc>Method to send PUT requests to the specified endpoint
:param endpoint:  str   Endpoint of service to which the request will be sent
:param expected_status_codet:  str   Expected status code
:param kwargs:    dict  Data that will be considered as Payload
:return:  the response.</doc>
<msg timestamp="20220704 14:15:41.517" level="INFO">${response} = &lt;Response [200]&gt;</msg>
<status status="PASS" starttime="20220704 14:15:41.325" endtime="20220704 14:15:41.517"/>
</kw>
<return>
<value>${response}</value>
<status status="PASS" starttime="20220704 14:15:41.517" endtime="20220704 14:15:41.517"/>
</return>
<msg timestamp="20220704 14:15:41.517" level="INFO">${response} = &lt;Response [200]&gt;</msg>
<status status="PASS" starttime="20220704 14:15:41.323" endtime="20220704 14:15:41.517"/>
</kw>
<return>
<value>${response}</value>
<status status="PASS" starttime="20220704 14:15:41.517" endtime="20220704 14:15:41.517"/>
</return>
<status status="PASS" starttime="20220704 14:15:41.322" endtime="20220704 14:15:41.517"/>
</kw>
<kw name="Get A Board" library="Board">
<var>${new_response2}</var>
<arg>${response.json()}[id]</arg>
<doc>Gets the Board with the given ID</doc>
<kw name="Get An Element" library="TrelloAPI">
<var>${response}</var>
<arg>board</arg>
<arg>${id}</arg>
<arg>status_code=${status_code}</arg>
<doc>Gets an element with the given id using the trello API
Elements: card, board, label</doc>
<kw name="Format String" library="String">
<var>${url}</var>
<arg>${PATHS}[${element}]</arg>
<arg>${id}</arg>
<doc>Formats a ``template`` using the given ``positional`` and ``named`` arguments.</doc>
<msg timestamp="20220704 14:15:41.519" level="INFO">${url} = boards/62c2f60c3cff9530c4d70d3d</msg>
<status status="PASS" starttime="20220704 14:15:41.519" endtime="20220704 14:15:41.519"/>
</kw>
<kw name="GET On Session" library="request_own_library">
<var>${response}</var>
<arg>${url}</arg>
<arg>${status_code}</arg>
<doc>Method to send GET requests to the specified endpoint
:param endpoint:  str   Endpoint of service to which the request will be sent
:param expected_status_codet:  str   Expected status code
:return:  the response.</doc>
<msg timestamp="20220704 14:15:41.657" level="INFO">${response} = &lt;Response [200]&gt;</msg>
<status status="PASS" starttime="20220704 14:15:41.519" endtime="20220704 14:15:41.657"/>
</kw>
<return>
<value>${response}</value>
<status status="PASS" starttime="20220704 14:15:41.657" endtime="20220704 14:15:41.657"/>
</return>
<msg timestamp="20220704 14:15:41.658" level="INFO">${response} = &lt;Response [200]&gt;</msg>
<status status="PASS" starttime="20220704 14:15:41.518" endtime="20220704 14:15:41.658"/>
</kw>
<return>
<value>${response}</value>
<status status="PASS" starttime="20220704 14:15:41.658" endtime="20220704 14:15:41.658"/>
</return>
<msg timestamp="20220704 14:15:41.658" level="INFO">${new_response2} = &lt;Response [200]&gt;</msg>
<status status="PASS" starttime="20220704 14:15:41.518" endtime="20220704 14:15:41.658"/>
</kw>
<kw name="Should Be Equal" library="BuiltIn">
<arg>${new_response2.json()}[desc]</arg>
<arg>updatedDescription</arg>
<doc>Fails if the given objects are unequal.</doc>
<status status="PASS" starttime="20220704 14:15:41.658" endtime="20220704 14:15:41.659"/>
</kw>
<kw name="Wait Until Keyword Succeeds" library="BuiltIn" type="TEARDOWN">
<arg>10</arg>
<arg>2.5</arg>
<arg>Delete A Board</arg>
<arg>${response.json()}[id]</arg>
<doc>Runs the specified keyword and retries if it fails.</doc>
<kw name="Delete A Board" library="Board">
<arg>${response.json()}[id]</arg>
<doc>Deletes the board with the given ID</doc>
<kw name="Delete An Element" library="TrelloAPI">
<var>${response}</var>
<arg>board</arg>
<arg>${id}</arg>
<arg>status_code=${status_code}</arg>
<doc>Deletes the element with the given id
Elements: card, board, label</doc>
<kw name="Format String" library="String">
<var>${url}</var>
<arg>${PATHS}[${element}]</arg>
<arg>${id}</arg>
<doc>Formats a ``template`` using the given ``positional`` and ``named`` arguments.</doc>
<msg timestamp="20220704 14:15:41.661" level="INFO">${url} = boards/62c2f60c3cff9530c4d70d3d</msg>
<status status="PASS" starttime="20220704 14:15:41.661" endtime="20220704 14:15:41.661"/>
</kw>
<kw name="DELETE On Session" library="request_own_library">
<var>${response}</var>
<arg>${url}</arg>
<arg>${status_code}</arg>
<doc>Method to send DELETE requests to the specified endpoint
:param endpoint:  str   Endpoint of service to which the request will be sent
:return:  the response.</doc>
<msg timestamp="20220704 14:15:42.083" level="INFO">${response} = &lt;Response [200]&gt;</msg>
<status status="PASS" starttime="20220704 14:15:41.662" endtime="20220704 14:15:42.083"/>
</kw>
<return>
<value>${response}</value>
<status status="PASS" starttime="20220704 14:15:42.083" endtime="20220704 14:15:42.084"/>
</return>
<msg timestamp="20220704 14:15:42.084" level="INFO">${response} = &lt;Response [200]&gt;</msg>
<status status="PASS" starttime="20220704 14:15:41.661" endtime="20220704 14:15:42.084"/>
</kw>
<return>
<value>${response}</value>
<status status="PASS" starttime="20220704 14:15:42.084" endtime="20220704 14:15:42.084"/>
</return>
<status status="PASS" starttime="20220704 14:15:41.660" endtime="20220704 14:15:42.084"/>
</kw>
<status status="PASS" starttime="20220704 14:15:41.659" endtime="20220704 14:15:42.084"/>
</kw>
<doc>Verify that a board's description can be updated through API</doc>
<tag>api</tag>
<tag>board.update</tag>
<tag>smoke</tag>
<status status="PASS" starttime="20220704 14:15:40.692" endtime="20220704 14:15:42.084"/>
</test>
<kw name="Delete All Sessions" library="request_own_library" type="TEARDOWN">
<status status="PASS" starttime="20220704 14:15:42.085" endtime="20220704 14:15:42.086"/>
</kw>
<doc>Example Test with Trello API Boards</doc>
<status status="PASS" starttime="20220704 14:15:36.631" endtime="20220704 14:15:42.087"/>
</suite>
<suite id="s1-s1-s1-s2" name="Trello Api Cards Tests" source="/trello/api/trello_api_cards_tests.robot">
<kw name="Run Keywords" library="BuiltIn" type="SETUP">
<arg>Create Trello Session</arg>
<arg>Setup Board And List</arg>
<doc>Executes all the given keywords in a sequence.</doc>
<kw name="Create Trello Session" library="TrelloAPI">
<doc>Creates a Trello Session</doc>
<kw name="Create Session" library="request_own_library">
<arg>${API_BASE_URL}</arg>
<arg>headers=&amp;{HEADERS}</arg>
<status status="PASS" starttime="20220704 14:15:42.098" endtime="20220704 14:15:42.098"/>
</kw>
<status status="PASS" starttime="20220704 14:15:42.098" endtime="20220704 14:15:42.099"/>
</kw>
<kw name="Setup Board And List">
<doc>Create a board and save its ID and its first list's ID</doc>
<kw name="Create A Board" library="Board">
<var>${BOARD}</var>
<arg>TestBoard</arg>
<doc>Creates a new Board
name the board will have
optional_args: desc, defaultLists, etc.
keys and values should be separated, eg: name desired_name</doc>
<kw name="Create An Element" library="TrelloAPI">
<var>${response}</var>
<arg>board</arg>
<arg>@{optional_args}</arg>
<arg>name</arg>
<arg>${name}</arg>
<doc>Creates a new element using the Trello API
Elements: card, board, label</doc>
<kw name="Create Dictionary" library="BuiltIn">
<var>&amp;{json}</var>
<doc>Creates and returns a dictionary based on the given ``items``.</doc>
<msg timestamp="20220704 14:15:42.100" level="INFO">&amp;{json} = { }</msg>
<status status="PASS" starttime="20220704 14:15:42.100" endtime="20220704 14:15:42.100"/>
</kw>
<kw name="Set To Dictionary" library="Collections">
<arg>${json}</arg>
<arg>@{args}</arg>
<doc>Adds the given ``key_value_pairs`` and ``items`` to the ``dictionary``.</doc>
<status status="PASS" starttime="20220704 14:15:42.100" endtime="20220704 14:15:42.100"/>
</kw>
<kw name="Format String" library="String">
<var>${url}</var>
<arg>${PATHS}[${element}]</arg>
<arg>${EMPTY}</arg>
<doc>Formats a ``template`` using the given ``positional`` and ``named`` arguments.</doc>
<msg timestamp="20220704 14:15:42.101" level="INFO">${url} = boards/</msg>
<status status="PASS" starttime="20220704 14:15:42.101" endtime="20220704 14:15:42.101"/>
</kw>
<kw name="POST On Session" library="request_own_library">
<var>${response}</var>
<arg>${url}</arg>
<arg>${status_code}</arg>
<arg>&amp;{json}</arg>
<doc>Method to send POST requests to the specified endpoint
:param endpoint:  str   Endpoint of service to which the request will be sent
:param expected_status_code:  str   Expected status code
:param kwargs:    dict  Data that will be considered as Payload
:return:  the response.</doc>
<msg timestamp="20220704 14:15:42.434" level="INFO">${response} = &lt;Response [200]&gt;</msg>
<status status="PASS" starttime="20220704 14:15:42.101" endtime="20220704 14:15:42.434"/>
</kw>
<return>
<value>${response}</value>
<status status="PASS" starttime="20220704 14:15:42.434" endtime="20220704 14:15:42.434"/>
</return>
<msg timestamp="20220704 14:15:42.434" level="INFO">${response} = &lt;Response [200]&gt;</msg>
<status status="PASS" starttime="20220704 14:15:42.100" endtime="20220704 14:15:42.434"/>
</kw>
<return>
<value>${response}</value>
<status status="PASS" starttime="20220704 14:15:42.434" endtime="20220704 14:15:42.434"/>
</return>
<msg timestamp="20220704 14:15:42.435" level="INFO">${BOARD} = &lt;Response [200]&gt;</msg>
<status status="PASS" starttime="20220704 14:15:42.099" endtime="20220704 14:15:42.435"/>
</kw>
<kw name="Set Suite Variable" library="BuiltIn">
<arg>\${TEST_SUITE_BOARD_ID}</arg>
<arg>${BOARD.json()}[id]</arg>
<doc>Makes a variable available everywhere within the scope of the current suite.</doc>
<msg timestamp="20220704 14:15:42.436" level="INFO">${TEST_SUITE_BOARD_ID} = 62c2f60e66239270e28c98c1</msg>
<status status="PASS" starttime="20220704 14:15:42.435" endtime="20220704 14:15:42.436"/>
</kw>
<kw name="Get Lists On A Board" library="Board">
<var>${LISTS}</var>
<arg>${TEST_SUITE_BOARD_ID}</arg>
<doc>Get all the lists in a board</doc>
<kw name="Get An Element" library="TrelloAPI">
<var>${response}</var>
<arg>lists_on_board</arg>
<arg>${id}</arg>
<doc>Gets an element with the given id using the trello API
Elements: card, board, label</doc>
<kw name="Format String" library="String">
<var>${url}</var>
<arg>${PATHS}[${element}]</arg>
<arg>${id}</arg>
<doc>Formats a ``template`` using the given ``positional`` and ``named`` arguments.</doc>
<msg timestamp="20220704 14:15:42.437" level="INFO">${url} = boards/62c2f60e66239270e28c98c1/lists/</msg>
<status status="PASS" starttime="20220704 14:15:42.436" endtime="20220704 14:15:42.437"/>
</kw>
<kw name="GET On Session" library="request_own_library">
<var>${response}</var>
<arg>${url}</arg>
<arg>${status_code}</arg>
<doc>Method to send GET requests to the specified endpoint
:param endpoint:  str   Endpoint of service to which the request will be sent
:param expected_status_codet:  str   Expected status code
:return:  the response.</doc>
<msg timestamp="20220704 14:15:42.578" level="INFO">${response} = &lt;Response [200]&gt;</msg>
<status status="PASS" starttime="20220704 14:15:42.437" endtime="20220704 14:15:42.578"/>
</kw>
<return>
<value>${response}</value>
<status status="PASS" starttime="20220704 14:15:42.578" endtime="20220704 14:15:42.578"/>
</return>
<msg timestamp="20220704 14:15:42.579" level="INFO">${response} = &lt;Response [200]&gt;</msg>
<status status="PASS" starttime="20220704 14:15:42.436" endtime="20220704 14:15:42.579"/>
</kw>
<return>
<value>${response}</value>
<status status="PASS" starttime="20220704 14:15:42.579" endtime="20220704 14:15:42.579"/>
</return>
<msg timestamp="20220704 14:15:42.579" level="INFO">${LISTS} = &lt;Response [200]&gt;</msg>
<status status="PASS" starttime="20220704 14:15:42.436" endtime="20220704 14:15:42.579"/>
</kw>
<kw name="Set Suite Variable" library="BuiltIn">
<arg>\${TEST_SUITE_LIST_ID}</arg>
<arg>${LISTS.json()}[0][id]</arg>
<doc>Makes a variable available everywhere within the scope of the current suite.</doc>
<msg timestamp="20220704 14:15:42.580" level="INFO">${TEST_SUITE_LIST_ID} = 62c2f60e66239270e28c98c8</msg>
<status status="PASS" starttime="20220704 14:15:42.579" endtime="20220704 14:15:42.580"/>
</kw>
<status status="PASS" starttime="20220704 14:15:42.099" endtime="20220704 14:15:42.580"/>
</kw>
<status status="PASS" starttime="20220704 14:15:42.098" endtime="20220704 14:15:42.580"/>
</kw>
<test id="s1-s1-s1-s2-t1" name="Verify A Card Can Be Created" line="13">
<kw name="Create A Card" library="Card">
<var>${response}</var>
<arg>name</arg>
<arg>RFCard2</arg>
<doc>Creates a new card in the given list.
required_args: listId
optional_args: name, desc, pos, idCardSource, idLabels, due
keys and values should be separated, eg: name desired_name</doc>
<kw name="Create An Element" library="TrelloAPI">
<var>${response}</var>
<arg>card</arg>
<arg>@{optional_args}</arg>
<arg>idList</arg>
<arg>${idList}</arg>
<arg>status_code=${status_code}</arg>
<doc>Creates a new element using the Trello API
Elements: card, board, label</doc>
<kw name="Create Dictionary" library="BuiltIn">
<var>&amp;{json}</var>
<doc>Creates and returns a dictionary based on the given ``items``.</doc>
<msg timestamp="20220704 14:15:42.582" level="INFO">&amp;{json} = { }</msg>
<status status="PASS" starttime="20220704 14:15:42.582" endtime="20220704 14:15:42.582"/>
</kw>
<kw name="Set To Dictionary" library="Collections">
<arg>${json}</arg>
<arg>@{args}</arg>
<doc>Adds the given ``key_value_pairs`` and ``items`` to the ``dictionary``.</doc>
<status status="PASS" starttime="20220704 14:15:42.582" endtime="20220704 14:15:42.583"/>
</kw>
<kw name="Format String" library="String">
<var>${url}</var>
<arg>${PATHS}[${element}]</arg>
<arg>${EMPTY}</arg>
<doc>Formats a ``template`` using the given ``positional`` and ``named`` arguments.</doc>
<msg timestamp="20220704 14:15:42.584" level="INFO">${url} = cards/</msg>
<status status="PASS" starttime="20220704 14:15:42.583" endtime="20220704 14:15:42.584"/>
</kw>
<kw name="POST On Session" library="request_own_library">
<var>${response}</var>
<arg>${url}</arg>
<arg>${status_code}</arg>
<arg>&amp;{json}</arg>
<doc>Method to send POST requests to the specified endpoint
:param endpoint:  str   Endpoint of service to which the request will be sent
:param expected_status_code:  str   Expected status code
:param kwargs:    dict  Data that will be considered as Payload
:return:  the response.</doc>
<msg timestamp="20220704 14:15:42.872" level="INFO">${response} = &lt;Response [200]&gt;</msg>
<status status="PASS" starttime="20220704 14:15:42.584" endtime="20220704 14:15:42.872"/>
</kw>
<return>
<value>${response}</value>
<status status="PASS" starttime="20220704 14:15:42.872" endtime="20220704 14:15:42.872"/>
</return>
<msg timestamp="20220704 14:15:42.872" level="INFO">${response} = &lt;Response [200]&gt;</msg>
<status status="PASS" starttime="20220704 14:15:42.582" endtime="20220704 14:15:42.872"/>
</kw>
<return>
<value>${response}</value>
<status status="PASS" starttime="20220704 14:15:42.872" endtime="20220704 14:15:42.872"/>
</return>
<msg timestamp="20220704 14:15:42.873" level="INFO">${response} = &lt;Response [200]&gt;</msg>
<status status="PASS" starttime="20220704 14:15:42.581" endtime="20220704 14:15:42.873"/>
</kw>
<kw name="Validate Response Schema" library="CommonAPI">
<arg>${response}</arg>
<arg>card</arg>
<doc>Validate the response against the corresponding schema
required_args: response object, element name
current available element schemas: attachment, board, card,
comment_on_card, delete, get_attachments, list, labels_on_board</doc>
<kw name="Validate Json" library="JSONSchemaLibrary">
<arg>${element}.json</arg>
<arg>${response.json()}</arg>
<doc>Validates the sample JSON against the given schema.</doc>
<status status="PASS" starttime="20220704 14:15:42.873" endtime="20220704 14:15:42.878"/>
</kw>
<status status="PASS" starttime="20220704 14:15:42.873" endtime="20220704 14:15:42.878"/>
</kw>
<kw name="Get Information From Response" library="CommonAPI">
<var>${CARD_ID}</var>
<arg>${response}</arg>
<arg>id</arg>
<doc>Get a specific key from a response dictionary</doc>
<return>
<value>${response.json()}[${key}]</value>
<status status="PASS" starttime="20220704 14:15:42.879" endtime="20220704 14:15:42.879"/>
</return>
<msg timestamp="20220704 14:15:42.879" level="INFO">${CARD_ID} = 62c2f60e621f4c3f1b093589</msg>
<status status="PASS" starttime="20220704 14:15:42.878" endtime="20220704 14:15:42.879"/>
</kw>
<kw name="Get A Card" library="Card">
<var>${response}</var>
<arg>${CARD_ID}</arg>
<doc>Gets the card with the given ID</doc>
<kw name="Get An Element" library="TrelloAPI">
<var>${response}</var>
<arg>card</arg>
<arg>${id}</arg>
<arg>status_code=${status_code}</arg>
<doc>Gets an element with the given id using the trello API
Elements: card, board, label</doc>
<kw name="Format String" library="String">
<var>${url}</var>
<arg>${PATHS}[${element}]</arg>
<arg>${id}</arg>
<doc>Formats a ``template`` using the given ``positional`` and ``named`` arguments.</doc>
<msg timestamp="20220704 14:15:42.881" level="INFO">${url} = cards/62c2f60e621f4c3f1b093589</msg>
<status status="PASS" starttime="20220704 14:15:42.880" endtime="20220704 14:15:42.881"/>
</kw>
<kw name="GET On Session" library="request_own_library">
<var>${response}</var>
<arg>${url}</arg>
<arg>${status_code}</arg>
<doc>Method to send GET requests to the specified endpoint
:param endpoint:  str   Endpoint of service to which the request will be sent
:param expected_status_codet:  str   Expected status code
:return:  the response.</doc>
<msg timestamp="20220704 14:15:43.037" level="INFO">${response} = &lt;Response [200]&gt;</msg>
<status status="PASS" starttime="20220704 14:15:42.881" endtime="20220704 14:15:43.037"/>
</kw>
<return>
<value>${response}</value>
<status status="PASS" starttime="20220704 14:15:43.038" endtime="20220704 14:15:43.038"/>
</return>
<msg timestamp="20220704 14:15:43.038" level="INFO">${response} = &lt;Response [200]&gt;</msg>
<status status="PASS" starttime="20220704 14:15:42.880" endtime="20220704 14:15:43.038"/>
</kw>
<return>
<value>${response}</value>
<status status="PASS" starttime="20220704 14:15:43.038" endtime="20220704 14:15:43.038"/>
</return>
<msg timestamp="20220704 14:15:43.038" level="INFO">${response} = &lt;Response [200]&gt;</msg>
<status status="PASS" starttime="20220704 14:15:42.880" endtime="20220704 14:15:43.038"/>
</kw>
<kw name="Get Information From Response" library="CommonAPI">
<var>${CARD_NAME}</var>
<arg>${response}</arg>
<arg>name</arg>
<doc>Get a specific key from a response dictionary</doc>
<return>
<value>${response.json()}[${key}]</value>
<status status="PASS" starttime="20220704 14:15:43.039" endtime="20220704 14:15:43.039"/>
</return>
<msg timestamp="20220704 14:15:43.039" level="INFO">${CARD_NAME} = RFCard2</msg>
<status status="PASS" starttime="20220704 14:15:43.038" endtime="20220704 14:15:43.039"/>
</kw>
<kw name="Should Be Equal" library="BuiltIn">
<arg>${CARD_NAME}</arg>
<arg>RFCard2</arg>
<doc>Fails if the given objects are unequal.</doc>
<status status="PASS" starttime="20220704 14:15:43.040" endtime="20220704 14:15:43.040"/>
</kw>
<kw name="Wait Until Keyword Succeeds" library="BuiltIn" type="TEARDOWN">
<arg>10</arg>
<arg>2.5</arg>
<arg>Delete A Card</arg>
<arg>${CARD_ID}</arg>
<doc>Runs the specified keyword and retries if it fails.</doc>
<kw name="Delete A Card" library="Card">
<arg>${CARD_ID}</arg>
<doc>Deletes the card with the given ID</doc>
<kw name="Delete An Element" library="TrelloAPI">
<var>${response}</var>
<arg>card</arg>
<arg>${id}</arg>
<arg>status_code=${status_code}</arg>
<doc>Deletes the element with the given id
Elements: card, board, label</doc>
<kw name="Format String" library="String">
<var>${url}</var>
<arg>${PATHS}[${element}]</arg>
<arg>${id}</arg>
<doc>Formats a ``template`` using the given ``positional`` and ``named`` arguments.</doc>
<msg timestamp="20220704 14:15:43.041" level="INFO">${url} = cards/62c2f60e621f4c3f1b093589</msg>
<status status="PASS" starttime="20220704 14:15:43.041" endtime="20220704 14:15:43.041"/>
</kw>
<kw name="DELETE On Session" library="request_own_library">
<var>${response}</var>
<arg>${url}</arg>
<arg>${status_code}</arg>
<doc>Method to send DELETE requests to the specified endpoint
:param endpoint:  str   Endpoint of service to which the request will be sent
:return:  the response.</doc>
<msg timestamp="20220704 14:15:43.288" level="INFO">${response} = &lt;Response [200]&gt;</msg>
<status status="PASS" starttime="20220704 14:15:43.041" endtime="20220704 14:15:43.288"/>
</kw>
<return>
<value>${response}</value>
<status status="PASS" starttime="20220704 14:15:43.288" endtime="20220704 14:15:43.289"/>
</return>
<msg timestamp="20220704 14:15:43.289" level="INFO">${response} = &lt;Response [200]&gt;</msg>
<status status="PASS" starttime="20220704 14:15:43.041" endtime="20220704 14:15:43.289"/>
</kw>
<return>
<value>${response}</value>
<status status="PASS" starttime="20220704 14:15:43.289" endtime="20220704 14:15:43.289"/>
</return>
<status status="PASS" starttime="20220704 14:15:43.040" endtime="20220704 14:15:43.289"/>
</kw>
<status status="PASS" starttime="20220704 14:15:43.040" endtime="20220704 14:15:43.289"/>
</kw>
<doc>Verify that a card can be created through API</doc>
<tag>api</tag>
<tag>card.create</tag>
<tag>smoke</tag>
<status status="PASS" starttime="20220704 14:15:42.580" endtime="20220704 14:15:43.289"/>
</test>
<test id="s1-s1-s1-s2-t2" name="Verify A Card Can Be Closed" line="24">
<kw name="Create A Card" library="Card">
<var>${response}</var>
<doc>Creates a new card in the given list.
required_args: listId
optional_args: name, desc, pos, idCardSource, idLabels, due
keys and values should be separated, eg: name desired_name</doc>
<kw name="Create An Element" library="TrelloAPI">
<var>${response}</var>
<arg>card</arg>
<arg>@{optional_args}</arg>
<arg>idList</arg>
<arg>${idList}</arg>
<arg>status_code=${status_code}</arg>
<doc>Creates a new element using the Trello API
Elements: card, board, label</doc>
<kw name="Create Dictionary" library="BuiltIn">
<var>&amp;{json}</var>
<doc>Creates and returns a dictionary based on the given ``items``.</doc>
<msg timestamp="20220704 14:15:43.292" level="INFO">&amp;{json} = { }</msg>
<status status="PASS" starttime="20220704 14:15:43.292" endtime="20220704 14:15:43.292"/>
</kw>
<kw name="Set To Dictionary" library="Collections">
<arg>${json}</arg>
<arg>@{args}</arg>
<doc>Adds the given ``key_value_pairs`` and ``items`` to the ``dictionary``.</doc>
<status status="PASS" starttime="20220704 14:15:43.293" endtime="20220704 14:15:43.293"/>
</kw>
<kw name="Format String" library="String">
<var>${url}</var>
<arg>${PATHS}[${element}]</arg>
<arg>${EMPTY}</arg>
<doc>Formats a ``template`` using the given ``positional`` and ``named`` arguments.</doc>
<msg timestamp="20220704 14:15:43.294" level="INFO">${url} = cards/</msg>
<status status="PASS" starttime="20220704 14:15:43.293" endtime="20220704 14:15:43.294"/>
</kw>
<kw name="POST On Session" library="request_own_library">
<var>${response}</var>
<arg>${url}</arg>
<arg>${status_code}</arg>
<arg>&amp;{json}</arg>
<doc>Method to send POST requests to the specified endpoint
:param endpoint:  str   Endpoint of service to which the request will be sent
:param expected_status_code:  str   Expected status code
:param kwargs:    dict  Data that will be considered as Payload
:return:  the response.</doc>
<msg timestamp="20220704 14:15:43.522" level="INFO">${response} = &lt;Response [200]&gt;</msg>
<status status="PASS" starttime="20220704 14:15:43.294" endtime="20220704 14:15:43.523"/>
</kw>
<return>
<value>${response}</value>
<status status="PASS" starttime="20220704 14:15:43.523" endtime="20220704 14:15:43.523"/>
</return>
<msg timestamp="20220704 14:15:43.523" level="INFO">${response} = &lt;Response [200]&gt;</msg>
<status status="PASS" starttime="20220704 14:15:43.291" endtime="20220704 14:15:43.523"/>
</kw>
<return>
<value>${response}</value>
<status status="PASS" starttime="20220704 14:15:43.523" endtime="20220704 14:15:43.523"/>
</return>
<msg timestamp="20220704 14:15:43.523" level="INFO">${response} = &lt;Response [200]&gt;</msg>
<status status="PASS" starttime="20220704 14:15:43.291" endtime="20220704 14:15:43.523"/>
</kw>
<kw name="Get Information From Response" library="CommonAPI">
<var>${CARD_ID}</var>
<arg>${response}</arg>
<arg>id</arg>
<doc>Get a specific key from a response dictionary</doc>
<return>
<value>${response.json()}[${key}]</value>
<status status="PASS" starttime="20220704 14:15:43.524" endtime="20220704 14:15:43.524"/>
</return>
<msg timestamp="20220704 14:15:43.525" level="INFO">${CARD_ID} = 62c2f60feceeef71ca6108c3</msg>
<status status="PASS" starttime="20220704 14:15:43.523" endtime="20220704 14:15:43.525"/>
</kw>
<kw name="Archive A Card" library="Card">
<arg>${CARD_ID}</arg>
<doc>Modifies the card status to closed.</doc>
<kw name="Update A Card" library="Card">
<var>${response}</var>
<arg>${id}</arg>
<arg>closed</arg>
<arg>true</arg>
<arg>status_code=${status_code}</arg>
<doc>Updates the card with the given ID
optional_args: name, desc, closed, due
keys and values should be separated, eg: name desired_name</doc>
<kw name="Update An Element" library="TrelloAPI">
<var>${response}</var>
<arg>card</arg>
<arg>${id}</arg>
<arg>@{optional_args}</arg>
<arg>status_code=${status_code}</arg>
<doc>Updates the element with the given id
Eelements: card, board, label</doc>
<kw name="Create Dictionary" library="BuiltIn">
<var>&amp;{json}</var>
<doc>Creates and returns a dictionary based on the given ``items``.</doc>
<msg timestamp="20220704 14:15:43.527" level="INFO">&amp;{json} = { }</msg>
<status status="PASS" starttime="20220704 14:15:43.527" endtime="20220704 14:15:43.527"/>
</kw>
<kw name="Set To Dictionary" library="Collections">
<arg>${json}</arg>
<arg>@{args}</arg>
<doc>Adds the given ``key_value_pairs`` and ``items`` to the ``dictionary``.</doc>
<status status="PASS" starttime="20220704 14:15:43.527" endtime="20220704 14:15:43.527"/>
</kw>
<kw name="Format String" library="String">
<var>${url}</var>
<arg>${PATHS}[${element}]</arg>
<arg>${id}</arg>
<doc>Formats a ``template`` using the given ``positional`` and ``named`` arguments.</doc>
<msg timestamp="20220704 14:15:43.528" level="INFO">${url} = cards/62c2f60feceeef71ca6108c3</msg>
<status status="PASS" starttime="20220704 14:15:43.527" endtime="20220704 14:15:43.528"/>
</kw>
<kw name="PUT On Session" library="request_own_library">
<var>${response}</var>
<arg>${url}</arg>
<arg>${status_code}</arg>
<arg>&amp;{json}</arg>
<doc>Method to send PUT requests to the specified endpoint
:param endpoint:  str   Endpoint of service to which the request will be sent
:param expected_status_codet:  str   Expected status code
:param kwargs:    dict  Data that will be considered as Payload
:return:  the response.</doc>
<msg timestamp="20220704 14:15:43.745" level="INFO">${response} = &lt;Response [200]&gt;</msg>
<status status="PASS" starttime="20220704 14:15:43.528" endtime="20220704 14:15:43.745"/>
</kw>
<return>
<value>${response}</value>
<status status="PASS" starttime="20220704 14:15:43.745" endtime="20220704 14:15:43.746"/>
</return>
<msg timestamp="20220704 14:15:43.746" level="INFO">${response} = &lt;Response [200]&gt;</msg>
<status status="PASS" starttime="20220704 14:15:43.526" endtime="20220704 14:15:43.746"/>
</kw>
<return>
<value>${response}</value>
<status status="PASS" starttime="20220704 14:15:43.746" endtime="20220704 14:15:43.746"/>
</return>
<msg timestamp="20220704 14:15:43.746" level="INFO">${response} = &lt;Response [200]&gt;</msg>
<status status="PASS" starttime="20220704 14:15:43.525" endtime="20220704 14:15:43.746"/>
</kw>
<return>
<value>${response}</value>
<status status="PASS" starttime="20220704 14:15:43.746" endtime="20220704 14:15:43.746"/>
</return>
<status status="PASS" starttime="20220704 14:15:43.525" endtime="20220704 14:15:43.746"/>
</kw>
<kw name="Get A Card" library="Card">
<var>${response}</var>
<arg>${CARD_ID}</arg>
<doc>Gets the card with the given ID</doc>
<kw name="Get An Element" library="TrelloAPI">
<var>${response}</var>
<arg>card</arg>
<arg>${id}</arg>
<arg>status_code=${status_code}</arg>
<doc>Gets an element with the given id using the trello API
Elements: card, board, label</doc>
<kw name="Format String" library="String">
<var>${url}</var>
<arg>${PATHS}[${element}]</arg>
<arg>${id}</arg>
<doc>Formats a ``template`` using the given ``positional`` and ``named`` arguments.</doc>
<msg timestamp="20220704 14:15:43.748" level="INFO">${url} = cards/62c2f60feceeef71ca6108c3</msg>
<status status="PASS" starttime="20220704 14:15:43.748" endtime="20220704 14:15:43.748"/>
</kw>
<kw name="GET On Session" library="request_own_library">
<var>${response}</var>
<arg>${url}</arg>
<arg>${status_code}</arg>
<doc>Method to send GET requests to the specified endpoint
:param endpoint:  str   Endpoint of service to which the request will be sent
:param expected_status_codet:  str   Expected status code
:return:  the response.</doc>
<msg timestamp="20220704 14:15:43.898" level="INFO">${response} = &lt;Response [200]&gt;</msg>
<status status="PASS" starttime="20220704 14:15:43.748" endtime="20220704 14:15:43.898"/>
</kw>
<return>
<value>${response}</value>
<status status="PASS" starttime="20220704 14:15:43.898" endtime="20220704 14:15:43.899"/>
</return>
<msg timestamp="20220704 14:15:43.899" level="INFO">${response} = &lt;Response [200]&gt;</msg>
<status status="PASS" starttime="20220704 14:15:43.747" endtime="20220704 14:15:43.899"/>
</kw>
<return>
<value>${response}</value>
<status status="PASS" starttime="20220704 14:15:43.899" endtime="20220704 14:15:43.899"/>
</return>
<msg timestamp="20220704 14:15:43.899" level="INFO">${response} = &lt;Response [200]&gt;</msg>
<status status="PASS" starttime="20220704 14:15:43.747" endtime="20220704 14:15:43.899"/>
</kw>
<kw name="Get Information From Response" library="CommonAPI">
<var>${CARD_CLOSED}</var>
<arg>${response}</arg>
<arg>closed</arg>
<doc>Get a specific key from a response dictionary</doc>
<return>
<value>${response.json()}[${key}]</value>
<status status="PASS" starttime="20220704 14:15:43.900" endtime="20220704 14:15:43.900"/>
</return>
<msg timestamp="20220704 14:15:43.901" level="INFO">${CARD_CLOSED} = True</msg>
<status status="PASS" starttime="20220704 14:15:43.899" endtime="20220704 14:15:43.901"/>
</kw>
<kw name="Should Be True" library="BuiltIn">
<arg>${CARD_CLOSED}</arg>
<doc>Fails if the given condition is not true.</doc>
<status status="PASS" starttime="20220704 14:15:43.901" endtime="20220704 14:15:43.901"/>
</kw>
<kw name="Wait Until Keyword Succeeds" library="BuiltIn" type="TEARDOWN">
<arg>10</arg>
<arg>2.5</arg>
<arg>Delete A Card</arg>
<arg>${CARD_ID}</arg>
<doc>Runs the specified keyword and retries if it fails.</doc>
<kw name="Delete A Card" library="Card">
<arg>${CARD_ID}</arg>
<doc>Deletes the card with the given ID</doc>
<kw name="Delete An Element" library="TrelloAPI">
<var>${response}</var>
<arg>card</arg>
<arg>${id}</arg>
<arg>status_code=${status_code}</arg>
<doc>Deletes the element with the given id
Elements: card, board, label</doc>
<kw name="Format String" library="String">
<var>${url}</var>
<arg>${PATHS}[${element}]</arg>
<arg>${id}</arg>
<doc>Formats a ``template`` using the given ``positional`` and ``named`` arguments.</doc>
<msg timestamp="20220704 14:15:43.903" level="INFO">${url} = cards/62c2f60feceeef71ca6108c3</msg>
<status status="PASS" starttime="20220704 14:15:43.903" endtime="20220704 14:15:43.903"/>
</kw>
<kw name="DELETE On Session" library="request_own_library">
<var>${response}</var>
<arg>${url}</arg>
<arg>${status_code}</arg>
<doc>Method to send DELETE requests to the specified endpoint
:param endpoint:  str   Endpoint of service to which the request will be sent
:return:  the response.</doc>
<msg timestamp="20220704 14:15:44.120" level="INFO">${response} = &lt;Response [200]&gt;</msg>
<status status="PASS" starttime="20220704 14:15:43.903" endtime="20220704 14:15:44.120"/>
</kw>
<return>
<value>${response}</value>
<status status="PASS" starttime="20220704 14:15:44.120" endtime="20220704 14:15:44.120"/>
</return>
<msg timestamp="20220704 14:15:44.120" level="INFO">${response} = &lt;Response [200]&gt;</msg>
<status status="PASS" starttime="20220704 14:15:43.902" endtime="20220704 14:15:44.120"/>
</kw>
<return>
<value>${response}</value>
<status status="PASS" starttime="20220704 14:15:44.120" endtime="20220704 14:15:44.120"/>
</return>
<status status="PASS" starttime="20220704 14:15:43.902" endtime="20220704 14:15:44.120"/>
</kw>
<status status="PASS" starttime="20220704 14:15:43.901" endtime="20220704 14:15:44.121"/>
</kw>
<doc>Verify that a card can be closed through API</doc>
<tag>api</tag>
<tag>card.close</tag>
<tag>regression</tag>
<status status="PASS" starttime="20220704 14:15:43.290" endtime="20220704 14:15:44.121"/>
</test>
<test id="s1-s1-s1-s2-t3" name="Verify A Card Can Be Deleted" line="35">
<kw name="Create A Card" library="Card">
<var>${response}</var>
<doc>Creates a new card in the given list.
required_args: listId
optional_args: name, desc, pos, idCardSource, idLabels, due
keys and values should be separated, eg: name desired_name</doc>
<kw name="Create An Element" library="TrelloAPI">
<var>${response}</var>
<arg>card</arg>
<arg>@{optional_args}</arg>
<arg>idList</arg>
<arg>${idList}</arg>
<arg>status_code=${status_code}</arg>
<doc>Creates a new element using the Trello API
Elements: card, board, label</doc>
<kw name="Create Dictionary" library="BuiltIn">
<var>&amp;{json}</var>
<doc>Creates and returns a dictionary based on the given ``items``.</doc>
<msg timestamp="20220704 14:15:44.123" level="INFO">&amp;{json} = { }</msg>
<status status="PASS" starttime="20220704 14:15:44.123" endtime="20220704 14:15:44.123"/>
</kw>
<kw name="Set To Dictionary" library="Collections">
<arg>${json}</arg>
<arg>@{args}</arg>
<doc>Adds the given ``key_value_pairs`` and ``items`` to the ``dictionary``.</doc>
<status status="PASS" starttime="20220704 14:15:44.123" endtime="20220704 14:15:44.124"/>
</kw>
<kw name="Format String" library="String">
<var>${url}</var>
<arg>${PATHS}[${element}]</arg>
<arg>${EMPTY}</arg>
<doc>Formats a ``template`` using the given ``positional`` and ``named`` arguments.</doc>
<msg timestamp="20220704 14:15:44.124" level="INFO">${url} = cards/</msg>
<status status="PASS" starttime="20220704 14:15:44.124" endtime="20220704 14:15:44.124"/>
</kw>
<kw name="POST On Session" library="request_own_library">
<var>${response}</var>
<arg>${url}</arg>
<arg>${status_code}</arg>
<arg>&amp;{json}</arg>
<doc>Method to send POST requests to the specified endpoint
:param endpoint:  str   Endpoint of service to which the request will be sent
:param expected_status_code:  str   Expected status code
:param kwargs:    dict  Data that will be considered as Payload
:return:  the response.</doc>
<msg timestamp="20220704 14:15:44.378" level="INFO">${response} = &lt;Response [200]&gt;</msg>
<status status="PASS" starttime="20220704 14:15:44.124" endtime="20220704 14:15:44.378"/>
</kw>
<return>
<value>${response}</value>
<status status="PASS" starttime="20220704 14:15:44.378" endtime="20220704 14:15:44.378"/>
</return>
<msg timestamp="20220704 14:15:44.378" level="INFO">${response} = &lt;Response [200]&gt;</msg>
<status status="PASS" starttime="20220704 14:15:44.122" endtime="20220704 14:15:44.378"/>
</kw>
<return>
<value>${response}</value>
<status status="PASS" starttime="20220704 14:15:44.378" endtime="20220704 14:15:44.378"/>
</return>
<msg timestamp="20220704 14:15:44.379" level="INFO">${response} = &lt;Response [200]&gt;</msg>
<status status="PASS" starttime="20220704 14:15:44.122" endtime="20220704 14:15:44.379"/>
</kw>
<kw name="Get Information From Response" library="CommonAPI">
<var>${CARD_ID}</var>
<arg>${response}</arg>
<arg>id</arg>
<doc>Get a specific key from a response dictionary</doc>
<return>
<value>${response.json()}[${key}]</value>
<status status="PASS" starttime="20220704 14:15:44.379" endtime="20220704 14:15:44.379"/>
</return>
<msg timestamp="20220704 14:15:44.380" level="INFO">${CARD_ID} = 62c2f610efeb805844e45510</msg>
<status status="PASS" starttime="20220704 14:15:44.379" endtime="20220704 14:15:44.380"/>
</kw>
<kw name="Delete A Card" library="Card">
<var>${response}</var>
<arg>${CARD_ID}</arg>
<doc>Deletes the card with the given ID</doc>
<kw name="Delete An Element" library="TrelloAPI">
<var>${response}</var>
<arg>card</arg>
<arg>${id}</arg>
<arg>status_code=${status_code}</arg>
[...]
<kw name="Click Link" library="SeleniumLibrary">
<arg>${SWITCH_TO_LIST_BUTTON}</arg>
<doc>Clicks a link identified by ``locator``.</doc>
<msg timestamp="20220704 14:18:38.051" level="INFO">Clicking link 'xpath://div[@class='archive-controls']/a[contains(.,'Switch to lists')]'.</msg>
<status status="PASS" starttime="20220704 14:18:38.050" endtime="20220704 14:18:38.133"/>
</kw>
<status status="PASS" starttime="20220704 14:18:38.050" endtime="20220704 14:18:38.133"/>
</kw>
<status status="PASS" starttime="20220704 14:18:37.651" endtime="20220704 14:18:38.133"/>
</kw>
<kw name="Verify That A List Is In The Archive" library="ShownMenu">
<arg>TO_ARCHIVE</arg>
<doc>Verify that a given header of a list matches</doc>
<kw name="Format String" library="String">
<var>${list_name_locator_archive}</var>
<arg>${ARCHIVED_LIST_NAME_FIELD}</arg>
<arg>archived_list_title=${archived_list_title}</arg>
<doc>Formats a ``template`` using the given ``positional`` and ``named`` arguments.</doc>
<msg timestamp="20220704 14:18:38.134" level="INFO">${list_name_locator_archive} = xpath://div[@class='item-name']/span[.='TO_ARCHIVE']</msg>
<status status="PASS" starttime="20220704 14:18:38.134" endtime="20220704 14:18:38.134"/>
</kw>
<kw name="Wait Until Element Is Enabled" library="SeleniumLibrary">
<arg>${list_name_locator_archive}</arg>
<arg>timeout=10s</arg>
<doc>Waits until the element ``locator`` is enabled.</doc>
<status status="PASS" starttime="20220704 14:18:38.135" endtime="20220704 14:18:38.388"/>
</kw>
<kw name="Page Should Contain Element" library="SeleniumLibrary">
<arg>${list_name_locator_archive}</arg>
<doc>Verifies that element ``locator`` is found on the current page.</doc>
<msg timestamp="20220704 14:18:38.398" level="INFO">Current page contains element 'xpath://div[@class='item-name']/span[.='TO_ARCHIVE']'.</msg>
<status status="PASS" starttime="20220704 14:18:38.388" endtime="20220704 14:18:38.398"/>
</kw>
<status status="PASS" starttime="20220704 14:18:38.134" endtime="20220704 14:18:38.398"/>
</kw>
<kw name="Close archive tab" library="ShownMenu">
<doc>close sidebar tab</doc>
<kw name="Wait Until Element Is Enabled" library="SeleniumLibrary">
<arg>${CLOSE_SHOW_MENU}</arg>
<arg>timeout=10s</arg>
<doc>Waits until the element ``locator`` is enabled.</doc>
<status status="PASS" starttime="20220704 14:18:38.399" endtime="20220704 14:18:38.439"/>
</kw>
<kw name="Click Link" library="SeleniumLibrary">
<arg>${CLOSE_SHOW_MENU}</arg>
<doc>Clicks a link identified by ``locator``.</doc>
<msg timestamp="20220704 14:18:38.440" level="INFO">Clicking link 'xpath://a[@title="Close the board menu."]'.</msg>
<status status="PASS" starttime="20220704 14:18:38.439" endtime="20220704 14:18:38.504"/>
</kw>
<status status="PASS" starttime="20220704 14:18:38.398" endtime="20220704 14:18:38.504"/>
</kw>
<kw name="Close Browser" library="SeleniumLibrary" type="TEARDOWN">
<doc>Closes the current browser.</doc>
<status status="PASS" starttime="20220704 14:18:38.505" endtime="20220704 14:18:38.588"/>
</kw>
<doc>verify that a list can be archived in GUI</doc>
<tag>gui</tag>
<tag>list.archive</tag>
<tag>smoke</tag>
<status status="PASS" starttime="20220704 14:18:28.280" endtime="20220704 14:18:38.588"/>
</test>
<kw name="Run Keywords" library="BuiltIn" type="TEARDOWN">
<arg>Teardown Board</arg>
<arg>Delete All Sessions</arg>
<doc>Executes all the given keywords in a sequence.</doc>
<kw name="Teardown Board">
<doc>Deletes used board for teardown</doc>
<kw name="Wait Until Keyword Succeeds" library="BuiltIn">
<arg>10</arg>
<arg>2.5</arg>
<arg>Delete A Board</arg>
<arg>${TEST_SUITE_BOARD_ID}</arg>
<doc>Runs the specified keyword and retries if it fails.</doc>
<kw name="Delete A Board" library="Board">
<arg>${TEST_SUITE_BOARD_ID}</arg>
<doc>Deletes the board with the given ID</doc>
<kw name="Delete An Element" library="TrelloAPI">
<var>${response}</var>
<arg>board</arg>
<arg>${id}</arg>
<arg>status_code=${status_code}</arg>
<doc>Deletes the element with the given id
Elements: card, board, label</doc>
<kw name="Format String" library="String">
<var>${url}</var>
<arg>${PATHS}[${element}]</arg>
<arg>${id}</arg>
<doc>Formats a ``template`` using the given ``positional`` and ``named`` arguments.</doc>
<msg timestamp="20220704 14:18:38.591" level="INFO">${url} = boards/62c2f6a174cc565f228b1b71</msg>
<status status="PASS" starttime="20220704 14:18:38.591" endtime="20220704 14:18:38.591"/>
</kw>
<kw name="DELETE On Session" library="request_own_library">
<var>${response}</var>
<arg>${url}</arg>
<arg>${status_code}</arg>
<doc>Method to send DELETE requests to the specified endpoint
:param endpoint:  str   Endpoint of service to which the request will be sent
:return:  the response.</doc>
<msg timestamp="20220704 14:18:38.976" level="INFO">${response} = &lt;Response [200]&gt;</msg>
<status status="PASS" starttime="20220704 14:18:38.591" endtime="20220704 14:18:38.976"/>
</kw>
<return>
<value>${response}</value>
<status status="PASS" starttime="20220704 14:18:38.977" endtime="20220704 14:18:38.977"/>
</return>
<msg timestamp="20220704 14:18:38.977" level="INFO">${response} = &lt;Response [200]&gt;</msg>
<status status="PASS" starttime="20220704 14:18:38.590" endtime="20220704 14:18:38.977"/>
</kw>
<return>
<value>${response}</value>
<status status="PASS" starttime="20220704 14:18:38.977" endtime="20220704 14:18:38.977"/>
</return>
<status status="PASS" starttime="20220704 14:18:38.590" endtime="20220704 14:18:38.977"/>
</kw>
<status status="PASS" starttime="20220704 14:18:38.590" endtime="20220704 14:18:38.977"/>
</kw>
<status status="PASS" starttime="20220704 14:18:38.590" endtime="20220704 14:18:38.977"/>
</kw>
<kw name="Delete All Sessions" library="request_own_library">
<status status="PASS" starttime="20220704 14:18:38.977" endtime="20220704 14:18:38.979"/>
</kw>
<status status="PASS" starttime="20220704 14:18:38.589" endtime="20220704 14:18:38.979"/>
</kw>
<doc>List Tests</doc>
<status status="PASS" starttime="20220704 14:18:09.132" endtime="20220704 14:18:38.979"/>
</suite>
<suite id="s1-s2-s1-s5" name="Trello Gui Login" source="/trello/gui/trello_gui_login.robot">
<test id="s1-s2-s1-s5-t1" name="Login With A Valid User and Password" line="7">
<kw name="Open Browser From Environment" library="CommonGUI">
<arg>${LOGIN_URL}</arg>
<doc>This keywords takes REMOTE and BROWSER variables
from the environment automatically and only needs a url</doc>
<if>
<branch type="IF" condition="${is_remote}">
<kw name="Open Browser" library="SeleniumLibrary">
<arg>${url}</arg>
<arg>${BROWSER}</arg>
<arg>remote_url=http://selenium-hub:4444</arg>
<doc>Opens a new browser instance to the optional ``url``.</doc>
<msg timestamp="20220704 14:18:38.988" level="INFO">Opening browser 'chrome' to base url 'https://trello.com/login' through remote server at 'http://selenium-hub:4444'.</msg>
<status status="PASS" starttime="20220704 14:18:38.988" endtime="20220704 14:18:40.186"/>
</kw>
<status status="PASS" starttime="20220704 14:18:38.988" endtime="20220704 14:18:40.186"/>
</branch>
<branch type="ELSE">
<kw name="Open Browser" library="SeleniumLibrary">
<arg>${url}</arg>
<arg>${BROWSER}</arg>
<doc>Opens a new browser instance to the optional ``url``.</doc>
<status status="NOT RUN" starttime="20220704 14:18:40.186" endtime="20220704 14:18:40.186"/>
</kw>
<status status="NOT RUN" starttime="20220704 14:18:40.186" endtime="20220704 14:18:40.186"/>
</branch>
<status status="PASS" starttime="20220704 14:18:38.988" endtime="20220704 14:18:40.186"/>
</if>
<status status="PASS" starttime="20220704 14:18:38.987" endtime="20220704 14:18:40.186"/>
</kw>
<kw name="Enter Username" library="LoginPage">
<arg>${DEFAULT_EMAIL}</arg>
<doc>Take a username as argument and
enters it in the user_input</doc>
<kw name="Wait Until Element Is Visible" library="SeleniumLibrary">
<arg>${USER_INPUT}</arg>
<doc>Waits until the element ``locator`` is visible.</doc>
<status status="PASS" starttime="20220704 14:18:40.187" endtime="20220704 14:18:40.260"/>
</kw>
<kw name="Input Text" library="SeleniumLibrary">
<arg>${USER_INPUT}</arg>
<arg>${username}</arg>
<doc>Types the given ``text`` into the text field identified by ``locator``.</doc>
<msg timestamp="20220704 14:18:40.260" level="INFO">Typing text 'bootcamp04@mailinator.com' into text field 'css:input#user'.</msg>
<status status="PASS" starttime="20220704 14:18:40.260" endtime="20220704 14:18:40.422"/>
</kw>
<status status="PASS" starttime="20220704 14:18:40.186" endtime="20220704 14:18:40.422"/>
</kw>
<kw name="Wait Until Element Is Not Visible" library="SeleniumLibrary">
<arg>${PASS_INPUT}</arg>
<doc>Waits until the element ``locator`` is not visible.</doc>
<status status="PASS" starttime="20220704 14:18:40.422" endtime="20220704 14:18:41.139"/>
</kw>
<kw name="Click Login Button" library="LoginPage">
<doc>Clicks Trello's login button if in Trello's
login page, else it clicks Atlassian's</doc>
<kw name="Get Location" library="SeleniumLibrary">
<var>${url}</var>
<doc>Returns the current browser window URL.</doc>
<msg timestamp="20220704 14:18:41.149" level="INFO">${url} = https://trello.com/login</msg>
<status status="PASS" starttime="20220704 14:18:41.140" endtime="20220704 14:18:41.149"/>
</kw>
<if>
<branch type="IF" condition="'${url}' == '${LOGIN_URL}'">
<kw name="Wait Until Element Is Enabled" library="SeleniumLibrary">
<arg>${LOGIN_BUTTON_TRELLO}</arg>
<doc>Waits until the element ``locator`` is enabled.</doc>
<status status="PASS" starttime="20220704 14:18:41.149" endtime="20220704 14:18:41.189"/>
</kw>
<kw name="Click Button" library="SeleniumLibrary">
<arg>${LOGIN_BUTTON_TRELLO}</arg>
<doc>Clicks the button identified by ``locator``.</doc>
<msg timestamp="20220704 14:18:41.190" level="INFO">Clicking button 'css:input#login'.</msg>
<status status="PASS" starttime="20220704 14:18:41.190" endtime="20220704 14:18:42.170"/>
</kw>
<status status="PASS" starttime="20220704 14:18:41.149" endtime="20220704 14:18:42.170"/>
</branch>
<branch type="ELSE">
<kw name="Wait Until Element Is Enabled" library="SeleniumLibrary">
<arg>${LOGIN_BUTTON_ATLASSIAN}</arg>
<doc>Waits until the element ``locator`` is enabled.</doc>
<status status="NOT RUN" starttime="20220704 14:18:42.170" endtime="20220704 14:18:42.170"/>
</kw>
<kw name="Click Button" library="SeleniumLibrary">
<arg>${LOGIN_BUTTON_ATLASSIAN}</arg>
<doc>Clicks the button identified by ``locator``.</doc>
<status status="NOT RUN" starttime="20220704 14:18:42.170" endtime="20220704 14:18:42.170"/>
</kw>
<status status="NOT RUN" starttime="20220704 14:18:42.170" endtime="20220704 14:18:42.170"/>
</branch>
<status status="PASS" starttime="20220704 14:18:41.149" endtime="20220704 14:18:42.170"/>
</if>
<status status="PASS" starttime="20220704 14:18:41.140" endtime="20220704 14:18:42.171"/>
</kw>
<kw name="Wait Until Location Is Atlassian's Login" library="LoginPage">
<doc>Waits for the page redirection when logging in.</doc>
<kw name="Wait Until Location Contains" library="SeleniumLibrary">
<arg>atlassian.com</arg>
<doc>Waits until the current URL contains ``expected``.</doc>
<status status="PASS" starttime="20220704 14:18:42.171" endtime="20220704 14:18:42.217"/>
</kw>
<status status="PASS" starttime="20220704 14:18:42.171" endtime="20220704 14:18:42.217"/>
</kw>
<kw name="Enter Password" library="LoginPage">
<arg>${DEFAULT_PASSWORD}</arg>
<doc>Take a password as argument and
enters it in the password_input</doc>
<kw name="Wait Until Element Is Visible" library="SeleniumLibrary">
<arg>${PASS_INPUT}</arg>
<arg>timeout=10</arg>
<doc>Waits until the element ``locator`` is visible.</doc>
<status status="PASS" starttime="20220704 14:18:42.218" endtime="20220704 14:18:42.263"/>
</kw>
<kw name="Input Password" library="SeleniumLibrary">
<arg>${PASS_INPUT}</arg>
<arg>${password}</arg>
<doc>Types the given password into the text field identified by ``locator``.</doc>
<msg timestamp="20220704 14:18:42.263" level="INFO">Typing password into text field 'css:input#password'.</msg>
<msg timestamp="20220704 14:18:42.328" level="INFO">Temporally setting log level to: NONE</msg>
<msg timestamp="20220704 14:18:42.393" level="INFO">Log level changed from NONE to INFO.</msg>
<status status="PASS" starttime="20220704 14:18:42.263" endtime="20220704 14:18:42.393"/>
</kw>
<status status="PASS" starttime="20220704 14:18:42.218" endtime="20220704 14:18:42.393"/>
</kw>
<kw name="Click Login Button" library="LoginPage">
<doc>Clicks Trello's login button if in Trello's
login page, else it clicks Atlassian's</doc>
<kw name="Get Location" library="SeleniumLibrary">
<var>${url}</var>
<doc>Returns the current browser window URL.</doc>
<msg timestamp="20220704 14:18:42.402" level="INFO">${url} = https://id.atlassian.com/login?application=trello&amp;continue=https%3A%2F%2Ftrello.com%2Fauth%2Fatlassian%2Fcallback%3FreturnUrl%3D%252F%26display%3D%26aaOnboarding%3D%26updateEmail%3D%26traceId%3D62c2f6...</msg>
<status status="PASS" starttime="20220704 14:18:42.394" endtime="20220704 14:18:42.402"/>
</kw>
<if>
<branch type="IF" condition="'${url}' == '${LOGIN_URL}'">
<kw name="Wait Until Element Is Enabled" library="SeleniumLibrary">
<arg>${LOGIN_BUTTON_TRELLO}</arg>
<doc>Waits until the element ``locator`` is enabled.</doc>
<status status="NOT RUN" starttime="20220704 14:18:42.402" endtime="20220704 14:18:42.402"/>
</kw>
<kw name="Click Button" library="SeleniumLibrary">
<arg>${LOGIN_BUTTON_TRELLO}</arg>
<doc>Clicks the button identified by ``locator``.</doc>
<status status="NOT RUN" starttime="20220704 14:18:42.402" endtime="20220704 14:18:42.402"/>
</kw>
<status status="NOT RUN" starttime="20220704 14:18:42.402" endtime="20220704 14:18:42.402"/>
</branch>
<branch type="ELSE">
<kw name="Wait Until Element Is Enabled" library="SeleniumLibrary">
<arg>${LOGIN_BUTTON_ATLASSIAN}</arg>
<doc>Waits until the element ``locator`` is enabled.</doc>
<status status="PASS" starttime="20220704 14:18:42.402" endtime="20220704 14:18:42.445"/>
</kw>
<kw name="Click Button" library="SeleniumLibrary">
<arg>${LOGIN_BUTTON_ATLASSIAN}</arg>
<doc>Clicks the button identified by ``locator``.</doc>
<msg timestamp="20220704 14:18:42.445" level="INFO">Clicking button 'css:button#login-submit'.</msg>
<status status="PASS" starttime="20220704 14:18:42.445" endtime="20220704 14:18:42.549"/>
</kw>
<status status="PASS" starttime="20220704 14:18:42.402" endtime="20220704 14:18:42.549"/>
</branch>
<status status="PASS" starttime="20220704 14:18:42.402" endtime="20220704 14:18:42.549"/>
</if>
<status status="PASS" starttime="20220704 14:18:42.393" endtime="20220704 14:18:42.549"/>
</kw>
<kw name="Verify Current Page Is Boards Page" library="BoardsPage">
<doc>Assert that the browser is showing the boards page.</doc>
<kw name="Wait Until Location Contains" library="SeleniumLibrary">
<arg>${BOARDS_PATH}</arg>
<doc>Waits until the current URL contains ``expected``.</doc>
<status status="PASS" starttime="20220704 14:18:42.550" endtime="20220704 14:18:46.021"/>
</kw>
<kw name="Wait Until Element Is Visible" library="SeleniumLibrary">
<arg>${YOUR_WORKSPACES}</arg>
<doc>Waits until the element ``locator`` is visible.</doc>
<status status="PASS" starttime="20220704 14:18:46.022" endtime="20220704 14:18:46.068"/>
</kw>
<kw name="Element Text Should Be" library="SeleniumLibrary">
<arg>${YOUR_WORKSPACES}</arg>
<arg>YOUR WORKSPACES</arg>
<doc>Verifies that element ``locator`` contains exact the text ``expected``.</doc>
<msg timestamp="20220704 14:18:46.069" level="INFO">Verifying element 'css:h3.boards-page-section-header-name' contains exact text 'YOUR WORKSPACES'.</msg>
<status status="PASS" starttime="20220704 14:18:46.068" endtime="20220704 14:18:46.100"/>
</kw>
<status status="PASS" starttime="20220704 14:18:42.550" endtime="20220704 14:18:46.100"/>
</kw>
<kw name="Close Browser" library="SeleniumLibrary" type="TEARDOWN">
<doc>Closes the current browser.</doc>
<status status="PASS" starttime="20220704 14:18:46.100" endtime="20220704 14:18:46.179"/>
</kw>
<doc>Verify that it is possible to login through
Trello's GUI using a valid email and password.</doc>
<tag>gui</tag>
<tag>login</tag>
<tag>smoke</tag>
<status status="PASS" starttime="20220704 14:18:38.987" endtime="20220704 14:18:46.179"/>
</test>
<doc>Example Trello Login Test</doc>
<status status="PASS" starttime="20220704 14:18:38.981" endtime="20220704 14:18:46.181"/>
</suite>
<status status="PASS" starttime="20220704 14:16:35.608" endtime="20220704 14:18:46.184"/>
</suite>
<status status="PASS" starttime="20220704 14:16:35.589" endtime="20220704 14:18:46.188"/>
</suite>
<status status="PASS" starttime="N/A" endtime="N/A" elapsedtime="148050"/>
</suite>
<statistics>
<total>
<stat pass="33" fail="0" skip="0">All Tests</stat>
</total>
<tag>
<stat pass="18" fail="0" skip="0">api</stat>
<stat pass="2" fail="0" skip="0">board.create</stat>
<stat pass="2" fail="0" skip="0">board.delete</stat>
<stat pass="1" fail="0" skip="0">board.get</stat>
<stat pass="2" fail="0" skip="0">board.update</stat>
<stat pass="1" fail="0" skip="0">board.update.description</stat>
<stat pass="1" fail="0" skip="0">board.update.name</stat>
<stat pass="1" fail="0" skip="0">card.close</stat>
<stat pass="1" fail="0" skip="0">card.comment</stat>
<stat pass="2" fail="0" skip="0">card.create</stat>
<stat pass="2" fail="0" skip="0">card.delete</stat>
<stat pass="1" fail="0" skip="0">card.drag</stat>
<stat pass="1" fail="0" skip="0">card.move</stat>
<stat pass="1" fail="0" skip="0">card.title_board</stat>
<stat pass="1" fail="0" skip="0">card.update</stat>
<stat pass="1" fail="0" skip="0">checklist.create</stat>
<stat pass="1" fail="0" skip="0">checklist.delete</stat>
<stat pass="1" fail="0" skip="0">checklist.update</stat>
<stat pass="15" fail="0" skip="0">gui</stat>
<stat pass="1" fail="0" skip="0">label.create</stat>
<stat pass="1" fail="0" skip="0">label.delete</stat>
<stat pass="1" fail="0" skip="0">label.get</stat>
<stat pass="1" fail="0" skip="0">label.update</stat>
<stat pass="2" fail="0" skip="0">list.archive</stat>
<stat pass="3" fail="0" skip="0">list.create</stat>
<stat pass="2" fail="0" skip="0">list.update</stat>
<stat pass="1" fail="0" skip="0">login</stat>
<stat pass="9" fail="0" skip="0">regression</stat>
<stat pass="24" fail="0" skip="0">smoke</stat>
</tag>
<suite>
<stat pass="33" fail="0" skip="0" id="s1" name="Trello">Trello</stat>
<stat pass="18" fail="0" skip="0" id="s1-s1" name="Trello">Trello.Trello</stat>
<stat pass="18" fail="0" skip="0" id="s1-s1-s1" name="Api">Trello.Trello.Api</stat>
<stat pass="5" fail="0" skip="0" id="s1-s1-s1-s1" name="Trello Api Boards Tests">Trello.Trello.Api.Trello Api Boards Tests</stat>
<stat pass="4" fail="0" skip="0" id="s1-s1-s1-s2" name="Trello Api Cards Tests">Trello.Trello.Api.Trello Api Cards Tests</stat>
<stat pass="3" fail="0" skip="0" id="s1-s1-s1-s3" name="Trello Api Checklists Tests">Trello.Trello.Api.Trello Api Checklists Tests</stat>
<stat pass="3" fail="0" skip="0" id="s1-s1-s1-s4" name="Trello Api Labels Tests">Trello.Trello.Api.Trello Api Labels Tests</stat>
<stat pass="3" fail="0" skip="0" id="s1-s1-s1-s5" name="Trello Api Lists Tests">Trello.Trello.Api.Trello Api Lists Tests</stat>
<stat pass="15" fail="0" skip="0" id="s1-s2" name="Trello">Trello.Trello</stat>
<stat pass="15" fail="0" skip="0" id="s1-s2-s1" name="Gui">Trello.Trello.Gui</stat>
<stat pass="4" fail="0" skip="0" id="s1-s2-s1-s1" name="Trello Gui Board">Trello.Trello.Gui.Trello Gui Board</stat>
<stat pass="6" fail="0" skip="0" id="s1-s2-s1-s2" name="Trello Gui Cards">Trello.Trello.Gui.Trello Gui Cards</stat>
<stat pass="1" fail="0" skip="0" id="s1-s2-s1-s3" name="Trello Gui Labels">Trello.Trello.Gui.Trello Gui Labels</stat>
<stat pass="3" fail="0" skip="0" id="s1-s2-s1-s4" name="Trello Gui Lists">Trello.Trello.Gui.Trello Gui Lists</stat>
<stat pass="1" fail="0" skip="0" id="s1-s2-s1-s5" name="Trello Gui Login">Trello.Trello.Gui.Trello Gui Login</stat>
</suite>
</statistics>
<errors>
</errors>
</robot>
